<?xml version="1.0" encoding="UTF-8"?>
<robot generator="Robot 3.2.2 (Python 3.8.5 on win32)" generated="20210110 21:41:33.785" rpa="true">
<suite id="s1" name="rpaClashroyale" source="Z:\workspacePrimeControl\rpaClashroyale.robot">
<test id="s1-t1" name="Executar Clashroyale">
<kw name="Iniciando o Robo Clashroyale">
<kw name="Set Variable" library="BuiltIn">
<doc>Returns the given values which can then be assigned to a variables.</doc>
<arguments>
<arg>infoDir/passosRobo.txt</arg>
</arguments>
<assign>
<var>${PathFileName}</var>
</assign>
<msg timestamp="20210110 21:41:34.033" level="INFO">${PathFileName} = infoDir/passosRobo.txt</msg>
<status status="PASS" starttime="20210110 21:41:34.033" endtime="20210110 21:41:34.033"></status>
</kw>
<kw name="Set Variable" library="BuiltIn">
<doc>Returns the given values which can then be assigned to a variables.</doc>
<arguments>
<arg>'=== Relatório do passos do ROBO: ============================================='</arg>
</arguments>
<assign>
<var>${message}</var>
</assign>
<msg timestamp="20210110 21:41:34.033" level="INFO">${message} = '=== Relatório do passos do ROBO: ============================================='</msg>
<status status="PASS" starttime="20210110 21:41:34.033" endtime="20210110 21:41:34.033"></status>
</kw>
<kw name="Set Variable" library="BuiltIn">
<doc>Returns the given values which can then be assigned to a variables.</doc>
<arguments>
<arg>t</arg>
</arguments>
<assign>
<var>${tipoKw}</var>
</assign>
<msg timestamp="20210110 21:41:34.034" level="INFO">${tipoKw} = t</msg>
<status status="PASS" starttime="20210110 21:41:34.034" endtime="20210110 21:41:34.034"></status>
</kw>
<kw name="Set Variable" library="BuiltIn">
<doc>Returns the given values which can then be assigned to a variables.</doc>
<arguments>
<arg>w</arg>
</arguments>
<assign>
<var>${mode}</var>
</assign>
<msg timestamp="20210110 21:41:34.034" level="INFO">${mode} = w</msg>
<status status="PASS" starttime="20210110 21:41:34.034" endtime="20210110 21:41:34.034"></status>
</kw>
<kw name="Data Register" library="PrimeControlApiClashroyale">
<arguments>
<arg>${PathFileName}</arg>
<arg>${message}</arg>
<arg>${tipoKw}</arg>
<arg>${mode}</arg>
</arguments>
<status status="PASS" starttime="20210110 21:41:34.034" endtime="20210110 21:41:34.035"></status>
</kw>
<kw name="Log To Console" library="BuiltIn">
<doc>Logs the given message to the console.</doc>
<arguments>
<arg>...</arg>
</arguments>
<status status="PASS" starttime="20210110 21:41:34.036" endtime="20210110 21:41:34.036"></status>
</kw>
<kw name="Registrar">
<arguments>
<arg>'=== Inicia Tarefa: Iniciando o Robo Clashroyale =============================='</arg>
<arg>t</arg>
</arguments>
<kw name="Log" library="BuiltIn">
<doc>Logs the given message with the given level.</doc>
<arguments>
<arg>${message}</arg>
</arguments>
<msg timestamp="20210110 21:41:34.037" level="INFO">'=== Inicia Tarefa: Iniciando o Robo Clashroyale =============================='</msg>
<status status="PASS" starttime="20210110 21:41:34.036" endtime="20210110 21:41:34.037"></status>
</kw>
<kw name="Log To Console" library="BuiltIn">
<doc>Logs the given message to the console.</doc>
<arguments>
<arg>${message}</arg>
</arguments>
<status status="PASS" starttime="20210110 21:41:34.037" endtime="20210110 21:41:34.037"></status>
</kw>
<kw name="Log To Console" library="BuiltIn">
<doc>Logs the given message to the console.</doc>
<arguments>
<arg>'............................'</arg>
</arguments>
<status status="PASS" starttime="20210110 21:41:34.037" endtime="20210110 21:41:34.038"></status>
</kw>
<kw name="Set Variable" library="BuiltIn">
<doc>Returns the given values which can then be assigned to a variables.</doc>
<arguments>
<arg>infoDir/passosRobo.txt</arg>
</arguments>
<assign>
<var>${PathFileName}</var>
</assign>
<msg timestamp="20210110 21:41:34.038" level="INFO">${PathFileName} = infoDir/passosRobo.txt</msg>
<status status="PASS" starttime="20210110 21:41:34.038" endtime="20210110 21:41:34.038"></status>
</kw>
<kw name="Data Register" library="PrimeControlApiClashroyale">
<arguments>
<arg>${PathFileName}</arg>
<arg>${message}</arg>
<arg>${tipoKw}</arg>
</arguments>
<status status="PASS" starttime="20210110 21:41:34.038" endtime="20210110 21:41:34.039"></status>
</kw>
<status status="PASS" starttime="20210110 21:41:34.036" endtime="20210110 21:41:34.039"></status>
</kw>
<kw name="Registrar">
<arguments>
<arg>'Iniciando o Robo Clashroyale'</arg>
</arguments>
<kw name="Log" library="BuiltIn">
<doc>Logs the given message with the given level.</doc>
<arguments>
<arg>${message}</arg>
</arguments>
<msg timestamp="20210110 21:41:34.040" level="INFO">'Iniciando o Robo Clashroyale'</msg>
<status status="PASS" starttime="20210110 21:41:34.040" endtime="20210110 21:41:34.040"></status>
</kw>
<kw name="Log To Console" library="BuiltIn">
<doc>Logs the given message to the console.</doc>
<arguments>
<arg>${message}</arg>
</arguments>
<status status="PASS" starttime="20210110 21:41:34.040" endtime="20210110 21:41:34.040"></status>
</kw>
<kw name="Log To Console" library="BuiltIn">
<doc>Logs the given message to the console.</doc>
<arguments>
<arg>'............................'</arg>
</arguments>
<status status="PASS" starttime="20210110 21:41:34.040" endtime="20210110 21:41:34.041"></status>
</kw>
<kw name="Set Variable" library="BuiltIn">
<doc>Returns the given values which can then be assigned to a variables.</doc>
<arguments>
<arg>infoDir/passosRobo.txt</arg>
</arguments>
<assign>
<var>${PathFileName}</var>
</assign>
<msg timestamp="20210110 21:41:34.041" level="INFO">${PathFileName} = infoDir/passosRobo.txt</msg>
<status status="PASS" starttime="20210110 21:41:34.041" endtime="20210110 21:41:34.041"></status>
</kw>
<kw name="Data Register" library="PrimeControlApiClashroyale">
<arguments>
<arg>${PathFileName}</arg>
<arg>${message}</arg>
<arg>${tipoKw}</arg>
</arguments>
<status status="PASS" starttime="20210110 21:41:34.041" endtime="20210110 21:41:34.042"></status>
</kw>
<status status="PASS" starttime="20210110 21:41:34.039" endtime="20210110 21:41:34.042"></status>
</kw>
<kw name="Get Datetime Now" library="PrimeControlApiClashroyale">
<assign>
<var>${StartBot}</var>
</assign>
<msg timestamp="20210110 21:41:34.042" level="INFO">${StartBot} = 2021-01-10 21:41:34.042165</msg>
<status status="PASS" starttime="20210110 21:41:34.042" endtime="20210110 21:41:34.042"></status>
</kw>
<kw name="Set Variable" library="BuiltIn">
<doc>Returns the given values which can then be assigned to a variables.</doc>
<arguments>
<arg>'Inicio do Robo: ${StartBot}'</arg>
</arguments>
<assign>
<var>${StartBot}</var>
</assign>
<msg timestamp="20210110 21:41:34.043" level="INFO">${StartBot} = 'Inicio do Robo: 2021-01-10 21:41:34.042165'</msg>
<status status="PASS" starttime="20210110 21:41:34.043" endtime="20210110 21:41:34.043"></status>
</kw>
<kw name="Registrar">
<arguments>
<arg>${StartBot}</arg>
</arguments>
<kw name="Log" library="BuiltIn">
<doc>Logs the given message with the given level.</doc>
<arguments>
<arg>${message}</arg>
</arguments>
<msg timestamp="20210110 21:41:34.043" level="INFO">'Inicio do Robo: 2021-01-10 21:41:34.042165'</msg>
<status status="PASS" starttime="20210110 21:41:34.043" endtime="20210110 21:41:34.043"></status>
</kw>
<kw name="Log To Console" library="BuiltIn">
<doc>Logs the given message to the console.</doc>
<arguments>
<arg>${message}</arg>
</arguments>
<status status="PASS" starttime="20210110 21:41:34.043" endtime="20210110 21:41:34.044"></status>
</kw>
<kw name="Log To Console" library="BuiltIn">
<doc>Logs the given message to the console.</doc>
<arguments>
<arg>'............................'</arg>
</arguments>
<status status="PASS" starttime="20210110 21:41:34.044" endtime="20210110 21:41:34.044"></status>
</kw>
<kw name="Set Variable" library="BuiltIn">
<doc>Returns the given values which can then be assigned to a variables.</doc>
<arguments>
<arg>infoDir/passosRobo.txt</arg>
</arguments>
<assign>
<var>${PathFileName}</var>
</assign>
<msg timestamp="20210110 21:41:34.045" level="INFO">${PathFileName} = infoDir/passosRobo.txt</msg>
<status status="PASS" starttime="20210110 21:41:34.044" endtime="20210110 21:41:34.045"></status>
</kw>
<kw name="Data Register" library="PrimeControlApiClashroyale">
<arguments>
<arg>${PathFileName}</arg>
<arg>${message}</arg>
<arg>${tipoKw}</arg>
</arguments>
<status status="PASS" starttime="20210110 21:41:34.045" endtime="20210110 21:41:34.046"></status>
</kw>
<status status="PASS" starttime="20210110 21:41:34.043" endtime="20210110 21:41:34.046"></status>
</kw>
<status status="PASS" starttime="20210110 21:41:34.033" endtime="20210110 21:41:34.046"></status>
</kw>
<kw name="Acessar Website Clashroyale">
<kw name="Registrar">
<arguments>
<arg>'=== Inicia Tarefa: Acessar Website Clashroyale ==============================='</arg>
<arg>t</arg>
</arguments>
<kw name="Log" library="BuiltIn">
<doc>Logs the given message with the given level.</doc>
<arguments>
<arg>${message}</arg>
</arguments>
<msg timestamp="20210110 21:41:34.047" level="INFO">'=== Inicia Tarefa: Acessar Website Clashroyale ==============================='</msg>
<status status="PASS" starttime="20210110 21:41:34.047" endtime="20210110 21:41:34.047"></status>
</kw>
<kw name="Log To Console" library="BuiltIn">
<doc>Logs the given message to the console.</doc>
<arguments>
<arg>${message}</arg>
</arguments>
<status status="PASS" starttime="20210110 21:41:34.047" endtime="20210110 21:41:34.048"></status>
</kw>
<kw name="Log To Console" library="BuiltIn">
<doc>Logs the given message to the console.</doc>
<arguments>
<arg>'............................'</arg>
</arguments>
<status status="PASS" starttime="20210110 21:41:34.048" endtime="20210110 21:41:34.048"></status>
</kw>
<kw name="Set Variable" library="BuiltIn">
<doc>Returns the given values which can then be assigned to a variables.</doc>
<arguments>
<arg>infoDir/passosRobo.txt</arg>
</arguments>
<assign>
<var>${PathFileName}</var>
</assign>
<msg timestamp="20210110 21:41:34.048" level="INFO">${PathFileName} = infoDir/passosRobo.txt</msg>
<status status="PASS" starttime="20210110 21:41:34.048" endtime="20210110 21:41:34.048"></status>
</kw>
<kw name="Data Register" library="PrimeControlApiClashroyale">
<arguments>
<arg>${PathFileName}</arg>
<arg>${message}</arg>
<arg>${tipoKw}</arg>
</arguments>
<status status="PASS" starttime="20210110 21:41:34.048" endtime="20210110 21:41:34.049"></status>
</kw>
<status status="PASS" starttime="20210110 21:41:34.047" endtime="20210110 21:41:34.049"></status>
</kw>
<kw name="Registrar">
<arguments>
<arg>'Abre Navegador'</arg>
</arguments>
<kw name="Log" library="BuiltIn">
<doc>Logs the given message with the given level.</doc>
<arguments>
<arg>${message}</arg>
</arguments>
<msg timestamp="20210110 21:41:34.050" level="INFO">'Abre Navegador'</msg>
<status status="PASS" starttime="20210110 21:41:34.050" endtime="20210110 21:41:34.050"></status>
</kw>
<kw name="Log To Console" library="BuiltIn">
<doc>Logs the given message to the console.</doc>
<arguments>
<arg>${message}</arg>
</arguments>
<status status="PASS" starttime="20210110 21:41:34.050" endtime="20210110 21:41:34.051"></status>
</kw>
<kw name="Log To Console" library="BuiltIn">
<doc>Logs the given message to the console.</doc>
<arguments>
<arg>'............................'</arg>
</arguments>
<status status="PASS" starttime="20210110 21:41:34.051" endtime="20210110 21:41:34.051"></status>
</kw>
<kw name="Set Variable" library="BuiltIn">
<doc>Returns the given values which can then be assigned to a variables.</doc>
<arguments>
<arg>infoDir/passosRobo.txt</arg>
</arguments>
<assign>
<var>${PathFileName}</var>
</assign>
<msg timestamp="20210110 21:41:34.051" level="INFO">${PathFileName} = infoDir/passosRobo.txt</msg>
<status status="PASS" starttime="20210110 21:41:34.051" endtime="20210110 21:41:34.051"></status>
</kw>
<kw name="Data Register" library="PrimeControlApiClashroyale">
<arguments>
<arg>${PathFileName}</arg>
<arg>${message}</arg>
<arg>${tipoKw}</arg>
</arguments>
<status status="PASS" starttime="20210110 21:41:34.051" endtime="20210110 21:41:34.052"></status>
</kw>
<status status="PASS" starttime="20210110 21:41:34.050" endtime="20210110 21:41:34.053"></status>
</kw>
<kw name="Open Browser" library="SeleniumLibrary">
<doc>Opens a new browser instance to the optional ``url``.</doc>
<arguments>
<arg>about:blank</arg>
<arg>${Browser}</arg>
</arguments>
<msg timestamp="20210110 21:41:34.053" level="INFO">Opening browser 'Chrome' to base url 'about:blank'.</msg>
<status status="PASS" starttime="20210110 21:41:34.053" endtime="20210110 21:41:37.373"></status>
</kw>
<kw name="Registrar">
<arguments>
<arg>'Maximiza Tela do Navegador'</arg>
</arguments>
<kw name="Log" library="BuiltIn">
<doc>Logs the given message with the given level.</doc>
<arguments>
<arg>${message}</arg>
</arguments>
<msg timestamp="20210110 21:41:37.374" level="INFO">'Maximiza Tela do Navegador'</msg>
<status status="PASS" starttime="20210110 21:41:37.374" endtime="20210110 21:41:37.375"></status>
</kw>
<kw name="Log To Console" library="BuiltIn">
<doc>Logs the given message to the console.</doc>
<arguments>
<arg>${message}</arg>
</arguments>
<status status="PASS" starttime="20210110 21:41:37.375" endtime="20210110 21:41:37.376"></status>
</kw>
<kw name="Log To Console" library="BuiltIn">
<doc>Logs the given message to the console.</doc>
<arguments>
<arg>'............................'</arg>
</arguments>
<status status="PASS" starttime="20210110 21:41:37.376" endtime="20210110 21:41:37.377"></status>
</kw>
<kw name="Set Variable" library="BuiltIn">
<doc>Returns the given values which can then be assigned to a variables.</doc>
<arguments>
<arg>infoDir/passosRobo.txt</arg>
</arguments>
<assign>
<var>${PathFileName}</var>
</assign>
<msg timestamp="20210110 21:41:37.378" level="INFO">${PathFileName} = infoDir/passosRobo.txt</msg>
<status status="PASS" starttime="20210110 21:41:37.377" endtime="20210110 21:41:37.378"></status>
</kw>
<kw name="Data Register" library="PrimeControlApiClashroyale">
<arguments>
<arg>${PathFileName}</arg>
<arg>${message}</arg>
<arg>${tipoKw}</arg>
</arguments>
<status status="PASS" starttime="20210110 21:41:37.379" endtime="20210110 21:41:37.382"></status>
</kw>
<status status="PASS" starttime="20210110 21:41:37.373" endtime="20210110 21:41:37.382"></status>
</kw>
<kw name="Maximize Browser Window" library="SeleniumLibrary">
<doc>Maximizes current browser window.</doc>
<status status="PASS" starttime="20210110 21:41:37.383" endtime="20210110 21:41:39.554"></status>
</kw>
<kw name="Registrar">
<arguments>
<arg>'Vai para a URL: ${URL}'</arg>
</arguments>
<kw name="Log" library="BuiltIn">
<doc>Logs the given message with the given level.</doc>
<arguments>
<arg>${message}</arg>
</arguments>
<msg timestamp="20210110 21:41:39.555" level="INFO">'Vai para a URL: https://developer.clashroyale.com/'</msg>
<status status="PASS" starttime="20210110 21:41:39.554" endtime="20210110 21:41:39.555"></status>
</kw>
<kw name="Log To Console" library="BuiltIn">
<doc>Logs the given message to the console.</doc>
<arguments>
<arg>${message}</arg>
</arguments>
<status status="PASS" starttime="20210110 21:41:39.555" endtime="20210110 21:41:39.555"></status>
</kw>
<kw name="Log To Console" library="BuiltIn">
<doc>Logs the given message to the console.</doc>
<arguments>
<arg>'............................'</arg>
</arguments>
<status status="PASS" starttime="20210110 21:41:39.556" endtime="20210110 21:41:39.556"></status>
</kw>
<kw name="Set Variable" library="BuiltIn">
<doc>Returns the given values which can then be assigned to a variables.</doc>
<arguments>
<arg>infoDir/passosRobo.txt</arg>
</arguments>
<assign>
<var>${PathFileName}</var>
</assign>
<msg timestamp="20210110 21:41:39.556" level="INFO">${PathFileName} = infoDir/passosRobo.txt</msg>
<status status="PASS" starttime="20210110 21:41:39.556" endtime="20210110 21:41:39.556"></status>
</kw>
<kw name="Data Register" library="PrimeControlApiClashroyale">
<arguments>
<arg>${PathFileName}</arg>
<arg>${message}</arg>
<arg>${tipoKw}</arg>
</arguments>
<status status="PASS" starttime="20210110 21:41:39.557" endtime="20210110 21:41:39.558"></status>
</kw>
<status status="PASS" starttime="20210110 21:41:39.554" endtime="20210110 21:41:39.558"></status>
</kw>
<kw name="Go To" library="SeleniumLibrary">
<doc>Navigates the current browser window to the provided ``url``.</doc>
<arguments>
<arg>${URL}</arg>
</arguments>
<msg timestamp="20210110 21:41:39.558" level="INFO">Opening url 'https://developer.clashroyale.com/'</msg>
<status status="PASS" starttime="20210110 21:41:39.558" endtime="20210110 21:41:41.076"></status>
</kw>
<status status="PASS" starttime="20210110 21:41:34.046" endtime="20210110 21:41:41.076"></status>
</kw>
<kw name="Logar Website Clashroyale">
<kw name="Registrar">
<arguments>
<arg>'=== Inicia Tarefa: Logar Website Clashroyale ================================='</arg>
<arg>t</arg>
</arguments>
<kw name="Log" library="BuiltIn">
<doc>Logs the given message with the given level.</doc>
<arguments>
<arg>${message}</arg>
</arguments>
<msg timestamp="20210110 21:41:41.078" level="INFO">'=== Inicia Tarefa: Logar Website Clashroyale ================================='</msg>
<status status="PASS" starttime="20210110 21:41:41.078" endtime="20210110 21:41:41.078"></status>
</kw>
<kw name="Log To Console" library="BuiltIn">
<doc>Logs the given message to the console.</doc>
<arguments>
<arg>${message}</arg>
</arguments>
<status status="PASS" starttime="20210110 21:41:41.078" endtime="20210110 21:41:41.078"></status>
</kw>
<kw name="Log To Console" library="BuiltIn">
<doc>Logs the given message to the console.</doc>
<arguments>
<arg>'............................'</arg>
</arguments>
<status status="PASS" starttime="20210110 21:41:41.078" endtime="20210110 21:41:41.078"></status>
</kw>
<kw name="Set Variable" library="BuiltIn">
<doc>Returns the given values which can then be assigned to a variables.</doc>
<arguments>
<arg>infoDir/passosRobo.txt</arg>
</arguments>
<assign>
<var>${PathFileName}</var>
</assign>
<msg timestamp="20210110 21:41:41.079" level="INFO">${PathFileName} = infoDir/passosRobo.txt</msg>
<status status="PASS" starttime="20210110 21:41:41.079" endtime="20210110 21:41:41.079"></status>
</kw>
<kw name="Data Register" library="PrimeControlApiClashroyale">
<arguments>
<arg>${PathFileName}</arg>
<arg>${message}</arg>
<arg>${tipoKw}</arg>
</arguments>
<status status="PASS" starttime="20210110 21:41:41.079" endtime="20210110 21:41:41.080"></status>
</kw>
<status status="PASS" starttime="20210110 21:41:41.077" endtime="20210110 21:41:41.080"></status>
</kw>
<kw name="Registrar">
<arguments>
<arg>'Aguarda o elemento Menu Login ficar visivel'</arg>
</arguments>
<kw name="Log" library="BuiltIn">
<doc>Logs the given message with the given level.</doc>
<arguments>
<arg>${message}</arg>
</arguments>
<msg timestamp="20210110 21:41:41.081" level="INFO">'Aguarda o elemento Menu Login ficar visivel'</msg>
<status status="PASS" starttime="20210110 21:41:41.080" endtime="20210110 21:41:41.081"></status>
</kw>
<kw name="Log To Console" library="BuiltIn">
<doc>Logs the given message to the console.</doc>
<arguments>
<arg>${message}</arg>
</arguments>
<status status="PASS" starttime="20210110 21:41:41.081" endtime="20210110 21:41:41.081"></status>
</kw>
<kw name="Log To Console" library="BuiltIn">
<doc>Logs the given message to the console.</doc>
<arguments>
<arg>'............................'</arg>
</arguments>
<status status="PASS" starttime="20210110 21:41:41.081" endtime="20210110 21:41:41.081"></status>
</kw>
<kw name="Set Variable" library="BuiltIn">
<doc>Returns the given values which can then be assigned to a variables.</doc>
<arguments>
<arg>infoDir/passosRobo.txt</arg>
</arguments>
<assign>
<var>${PathFileName}</var>
</assign>
<msg timestamp="20210110 21:41:41.082" level="INFO">${PathFileName} = infoDir/passosRobo.txt</msg>
<status status="PASS" starttime="20210110 21:41:41.081" endtime="20210110 21:41:41.082"></status>
</kw>
<kw name="Data Register" library="PrimeControlApiClashroyale">
<arguments>
<arg>${PathFileName}</arg>
<arg>${message}</arg>
<arg>${tipoKw}</arg>
</arguments>
<status status="PASS" starttime="20210110 21:41:41.082" endtime="20210110 21:41:41.083"></status>
</kw>
<status status="PASS" starttime="20210110 21:41:41.080" endtime="20210110 21:41:41.083"></status>
</kw>
<kw name="Wait Until Element Is Visible" library="SeleniumLibrary">
<doc>Waits until the element ``locator`` is visible.</doc>
<arguments>
<arg>${MnuLogin}</arg>
<arg>30s</arg>
</arguments>
<status status="PASS" starttime="20210110 21:41:41.083" endtime="20210110 21:41:41.390"></status>
</kw>
<kw name="Registrar">
<arguments>
<arg>'Clica no elemento Menu Login'</arg>
</arguments>
<kw name="Log" library="BuiltIn">
<doc>Logs the given message with the given level.</doc>
<arguments>
<arg>${message}</arg>
</arguments>
<msg timestamp="20210110 21:41:41.391" level="INFO">'Clica no elemento Menu Login'</msg>
<status status="PASS" starttime="20210110 21:41:41.390" endtime="20210110 21:41:41.391"></status>
</kw>
<kw name="Log To Console" library="BuiltIn">
<doc>Logs the given message to the console.</doc>
<arguments>
<arg>${message}</arg>
</arguments>
<status status="PASS" starttime="20210110 21:41:41.391" endtime="20210110 21:41:41.391"></status>
</kw>
<kw name="Log To Console" library="BuiltIn">
<doc>Logs the given message to the console.</doc>
<arguments>
<arg>'............................'</arg>
</arguments>
<status status="PASS" starttime="20210110 21:41:41.391" endtime="20210110 21:41:41.392"></status>
</kw>
<kw name="Set Variable" library="BuiltIn">
<doc>Returns the given values which can then be assigned to a variables.</doc>
<arguments>
<arg>infoDir/passosRobo.txt</arg>
</arguments>
<assign>
<var>${PathFileName}</var>
</assign>
<msg timestamp="20210110 21:41:41.393" level="INFO">${PathFileName} = infoDir/passosRobo.txt</msg>
<status status="PASS" starttime="20210110 21:41:41.392" endtime="20210110 21:41:41.393"></status>
</kw>
<kw name="Data Register" library="PrimeControlApiClashroyale">
<arguments>
<arg>${PathFileName}</arg>
<arg>${message}</arg>
<arg>${tipoKw}</arg>
</arguments>
<status status="PASS" starttime="20210110 21:41:41.393" endtime="20210110 21:41:41.394"></status>
</kw>
<status status="PASS" starttime="20210110 21:41:41.390" endtime="20210110 21:41:41.394"></status>
</kw>
<kw name="Click Element" library="SeleniumLibrary">
<doc>Click the element identified by ``locator``.</doc>
<arguments>
<arg>${MnuLogin}</arg>
</arguments>
<msg timestamp="20210110 21:41:41.395" level="INFO">Clicking element 'xPath://*[@id="content"]/div/div[2]/div/header/div/div/div[3]/div/a[2]'.</msg>
<status status="PASS" starttime="20210110 21:41:41.395" endtime="20210110 21:41:41.498"></status>
</kw>
<kw name="Registrar">
<arguments>
<arg>'Aguarda input Email ficar visivel'</arg>
</arguments>
<kw name="Log" library="BuiltIn">
<doc>Logs the given message with the given level.</doc>
<arguments>
<arg>${message}</arg>
</arguments>
<msg timestamp="20210110 21:41:41.499" level="INFO">'Aguarda input Email ficar visivel'</msg>
<status status="PASS" starttime="20210110 21:41:41.498" endtime="20210110 21:41:41.499"></status>
</kw>
<kw name="Log To Console" library="BuiltIn">
<doc>Logs the given message to the console.</doc>
<arguments>
<arg>${message}</arg>
</arguments>
<status status="PASS" starttime="20210110 21:41:41.499" endtime="20210110 21:41:41.499"></status>
</kw>
<kw name="Log To Console" library="BuiltIn">
<doc>Logs the given message to the console.</doc>
<arguments>
<arg>'............................'</arg>
</arguments>
<status status="PASS" starttime="20210110 21:41:41.500" endtime="20210110 21:41:41.500"></status>
</kw>
<kw name="Set Variable" library="BuiltIn">
<doc>Returns the given values which can then be assigned to a variables.</doc>
<arguments>
<arg>infoDir/passosRobo.txt</arg>
</arguments>
<assign>
<var>${PathFileName}</var>
</assign>
<msg timestamp="20210110 21:41:41.501" level="INFO">${PathFileName} = infoDir/passosRobo.txt</msg>
<status status="PASS" starttime="20210110 21:41:41.500" endtime="20210110 21:41:41.501"></status>
</kw>
<kw name="Data Register" library="PrimeControlApiClashroyale">
<arguments>
<arg>${PathFileName}</arg>
<arg>${message}</arg>
<arg>${tipoKw}</arg>
</arguments>
<status status="PASS" starttime="20210110 21:41:41.501" endtime="20210110 21:41:41.504"></status>
</kw>
<status status="PASS" starttime="20210110 21:41:41.498" endtime="20210110 21:41:41.505"></status>
</kw>
<kw name="Wait Until Element Is Visible" library="SeleniumLibrary">
<doc>Waits until the element ``locator`` is visible.</doc>
<arguments>
<arg>${inpEmail}</arg>
</arguments>
<status status="PASS" starttime="20210110 21:41:41.505" endtime="20210110 21:41:41.535"></status>
</kw>
<kw name="Registrar">
<arguments>
<arg>'Escreve o EMail no campo Email'</arg>
</arguments>
<kw name="Log" library="BuiltIn">
<doc>Logs the given message with the given level.</doc>
<arguments>
<arg>${message}</arg>
</arguments>
<msg timestamp="20210110 21:41:41.537" level="INFO">'Escreve o EMail no campo Email'</msg>
<status status="PASS" starttime="20210110 21:41:41.537" endtime="20210110 21:41:41.538"></status>
</kw>
<kw name="Log To Console" library="BuiltIn">
<doc>Logs the given message to the console.</doc>
<arguments>
<arg>${message}</arg>
</arguments>
<status status="PASS" starttime="20210110 21:41:41.538" endtime="20210110 21:41:41.538"></status>
</kw>
<kw name="Log To Console" library="BuiltIn">
<doc>Logs the given message to the console.</doc>
<arguments>
<arg>'............................'</arg>
</arguments>
<status status="PASS" starttime="20210110 21:41:41.538" endtime="20210110 21:41:41.539"></status>
</kw>
<kw name="Set Variable" library="BuiltIn">
<doc>Returns the given values which can then be assigned to a variables.</doc>
<arguments>
<arg>infoDir/passosRobo.txt</arg>
</arguments>
<assign>
<var>${PathFileName}</var>
</assign>
<msg timestamp="20210110 21:41:41.539" level="INFO">${PathFileName} = infoDir/passosRobo.txt</msg>
<status status="PASS" starttime="20210110 21:41:41.539" endtime="20210110 21:41:41.540"></status>
</kw>
<kw name="Data Register" library="PrimeControlApiClashroyale">
<arguments>
<arg>${PathFileName}</arg>
<arg>${message}</arg>
<arg>${tipoKw}</arg>
</arguments>
<status status="PASS" starttime="20210110 21:41:41.540" endtime="20210110 21:41:41.541"></status>
</kw>
<status status="PASS" starttime="20210110 21:41:41.535" endtime="20210110 21:41:41.541"></status>
</kw>
<kw name="Input Text" library="SeleniumLibrary">
<doc>Types the given ``text`` into the text field identified by ``locator``.</doc>
<arguments>
<arg>${inpEmail}</arg>
<arg>rprojetos.ti@hotmail.com</arg>
</arguments>
<msg timestamp="20210110 21:41:41.541" level="INFO">Typing text 'rprojetos.ti@hotmail.com' into text field 'xPath://*[@id="email"]'.</msg>
<status status="PASS" starttime="20210110 21:41:41.541" endtime="20210110 21:41:41.668"></status>
</kw>
<kw name="Registrar">
<arguments>
<arg>'Escreve a senha no campo senha'</arg>
</arguments>
<kw name="Log" library="BuiltIn">
<doc>Logs the given message with the given level.</doc>
<arguments>
<arg>${message}</arg>
</arguments>
<msg timestamp="20210110 21:41:41.669" level="INFO">'Escreve a senha no campo senha'</msg>
<status status="PASS" starttime="20210110 21:41:41.669" endtime="20210110 21:41:41.670"></status>
</kw>
<kw name="Log To Console" library="BuiltIn">
<doc>Logs the given message to the console.</doc>
<arguments>
<arg>${message}</arg>
</arguments>
<status status="PASS" starttime="20210110 21:41:41.670" endtime="20210110 21:41:41.670"></status>
</kw>
<kw name="Log To Console" library="BuiltIn">
<doc>Logs the given message to the console.</doc>
<arguments>
<arg>'............................'</arg>
</arguments>
<status status="PASS" starttime="20210110 21:41:41.670" endtime="20210110 21:41:41.671"></status>
</kw>
<kw name="Set Variable" library="BuiltIn">
<doc>Returns the given values which can then be assigned to a variables.</doc>
<arguments>
<arg>infoDir/passosRobo.txt</arg>
</arguments>
<assign>
<var>${PathFileName}</var>
</assign>
<msg timestamp="20210110 21:41:41.671" level="INFO">${PathFileName} = infoDir/passosRobo.txt</msg>
<status status="PASS" starttime="20210110 21:41:41.671" endtime="20210110 21:41:41.671"></status>
</kw>
<kw name="Data Register" library="PrimeControlApiClashroyale">
<arguments>
<arg>${PathFileName}</arg>
<arg>${message}</arg>
<arg>${tipoKw}</arg>
</arguments>
<status status="PASS" starttime="20210110 21:41:41.671" endtime="20210110 21:41:41.672"></status>
</kw>
<status status="PASS" starttime="20210110 21:41:41.668" endtime="20210110 21:41:41.672"></status>
</kw>
<kw name="Input Password" library="SeleniumLibrary">
<doc>Types the given password into the text field identified by ``locator``.</doc>
<arguments>
<arg>${inpSenha}</arg>
<arg>202200202200</arg>
</arguments>
<msg timestamp="20210110 21:41:41.673" level="INFO">Typing password into text field 'xPath://*[@id="password"]'.</msg>
<msg timestamp="20210110 21:41:41.714" level="INFO">Temporally setting log level to: NONE</msg>
<msg timestamp="20210110 21:41:41.765" level="INFO">Log level changed from NONE to INFO.</msg>
<status status="PASS" starttime="20210110 21:41:41.672" endtime="20210110 21:41:41.765"></status>
</kw>
<kw name="Registrar">
<arguments>
<arg>'Clica no botão login'</arg>
</arguments>
<kw name="Log" library="BuiltIn">
<doc>Logs the given message with the given level.</doc>
<arguments>
<arg>${message}</arg>
</arguments>
<msg timestamp="20210110 21:41:41.766" level="INFO">'Clica no botão login'</msg>
<status status="PASS" starttime="20210110 21:41:41.766" endtime="20210110 21:41:41.766"></status>
</kw>
<kw name="Log To Console" library="BuiltIn">
<doc>Logs the given message to the console.</doc>
<arguments>
<arg>${message}</arg>
</arguments>
<status status="PASS" starttime="20210110 21:41:41.766" endtime="20210110 21:41:41.767"></status>
</kw>
<kw name="Log To Console" library="BuiltIn">
<doc>Logs the given message to the console.</doc>
<arguments>
<arg>'............................'</arg>
</arguments>
<status status="PASS" starttime="20210110 21:41:41.767" endtime="20210110 21:41:41.767"></status>
</kw>
<kw name="Set Variable" library="BuiltIn">
<doc>Returns the given values which can then be assigned to a variables.</doc>
<arguments>
<arg>infoDir/passosRobo.txt</arg>
</arguments>
<assign>
<var>${PathFileName}</var>
</assign>
<msg timestamp="20210110 21:41:41.768" level="INFO">${PathFileName} = infoDir/passosRobo.txt</msg>
<status status="PASS" starttime="20210110 21:41:41.767" endtime="20210110 21:41:41.768"></status>
</kw>
<kw name="Data Register" library="PrimeControlApiClashroyale">
<arguments>
<arg>${PathFileName}</arg>
<arg>${message}</arg>
<arg>${tipoKw}</arg>
</arguments>
<status status="PASS" starttime="20210110 21:41:41.768" endtime="20210110 21:41:41.769"></status>
</kw>
<status status="PASS" starttime="20210110 21:41:41.766" endtime="20210110 21:41:41.770"></status>
</kw>
<kw name="Click Button" library="SeleniumLibrary">
<doc>Clicks the button identified by ``locator``.</doc>
<arguments>
<arg>${BtnLogin}</arg>
</arguments>
<msg timestamp="20210110 21:41:41.770" level="INFO">Clicking button 'xPath://*[@id="content"]/div/div[2]/div/div/div/div/div/div/form/div[4]/button'.</msg>
<status status="PASS" starttime="20210110 21:41:41.770" endtime="20210110 21:41:41.832"></status>
</kw>
<status status="PASS" starttime="20210110 21:41:41.077" endtime="20210110 21:41:41.832"></status>
</kw>
<kw name="Acessar Minha Conta Clashroyale">
<kw name="Registrar">
<arguments>
<arg>'=== Inicia Tarefa: Acessar Minha Conta Clashroyale ==========================='</arg>
<arg>t</arg>
</arguments>
<kw name="Log" library="BuiltIn">
<doc>Logs the given message with the given level.</doc>
<arguments>
<arg>${message}</arg>
</arguments>
<msg timestamp="20210110 21:41:41.833" level="INFO">'=== Inicia Tarefa: Acessar Minha Conta Clashroyale ==========================='</msg>
<status status="PASS" starttime="20210110 21:41:41.833" endtime="20210110 21:41:41.833"></status>
</kw>
<kw name="Log To Console" library="BuiltIn">
<doc>Logs the given message to the console.</doc>
<arguments>
<arg>${message}</arg>
</arguments>
<status status="PASS" starttime="20210110 21:41:41.833" endtime="20210110 21:41:41.833"></status>
</kw>
<kw name="Log To Console" library="BuiltIn">
<doc>Logs the given message to the console.</doc>
<arguments>
<arg>'............................'</arg>
</arguments>
<status status="PASS" starttime="20210110 21:41:41.833" endtime="20210110 21:41:41.834"></status>
</kw>
<kw name="Set Variable" library="BuiltIn">
<doc>Returns the given values which can then be assigned to a variables.</doc>
<arguments>
<arg>infoDir/passosRobo.txt</arg>
</arguments>
<assign>
<var>${PathFileName}</var>
</assign>
<msg timestamp="20210110 21:41:41.834" level="INFO">${PathFileName} = infoDir/passosRobo.txt</msg>
<status status="PASS" starttime="20210110 21:41:41.834" endtime="20210110 21:41:41.834"></status>
</kw>
<kw name="Data Register" library="PrimeControlApiClashroyale">
<arguments>
<arg>${PathFileName}</arg>
<arg>${message}</arg>
<arg>${tipoKw}</arg>
</arguments>
<status status="PASS" starttime="20210110 21:41:41.834" endtime="20210110 21:41:41.836"></status>
</kw>
<status status="PASS" starttime="20210110 21:41:41.832" endtime="20210110 21:41:41.836"></status>
</kw>
<kw name="Registrar">
<arguments>
<arg>'Aguarda o DropDown de acesso a My Accout ficar visivel'</arg>
</arguments>
<kw name="Log" library="BuiltIn">
<doc>Logs the given message with the given level.</doc>
<arguments>
<arg>${message}</arg>
</arguments>
<msg timestamp="20210110 21:41:41.837" level="INFO">'Aguarda o DropDown de acesso a My Accout ficar visivel'</msg>
<status status="PASS" starttime="20210110 21:41:41.836" endtime="20210110 21:41:41.837"></status>
</kw>
<kw name="Log To Console" library="BuiltIn">
<doc>Logs the given message to the console.</doc>
<arguments>
<arg>${message}</arg>
</arguments>
<status status="PASS" starttime="20210110 21:41:41.837" endtime="20210110 21:41:41.837"></status>
</kw>
<kw name="Log To Console" library="BuiltIn">
<doc>Logs the given message to the console.</doc>
<arguments>
<arg>'............................'</arg>
</arguments>
<status status="PASS" starttime="20210110 21:41:41.837" endtime="20210110 21:41:41.838"></status>
</kw>
<kw name="Set Variable" library="BuiltIn">
<doc>Returns the given values which can then be assigned to a variables.</doc>
<arguments>
<arg>infoDir/passosRobo.txt</arg>
</arguments>
<assign>
<var>${PathFileName}</var>
</assign>
<msg timestamp="20210110 21:41:41.838" level="INFO">${PathFileName} = infoDir/passosRobo.txt</msg>
<status status="PASS" starttime="20210110 21:41:41.838" endtime="20210110 21:41:41.838"></status>
</kw>
<kw name="Data Register" library="PrimeControlApiClashroyale">
<arguments>
<arg>${PathFileName}</arg>
<arg>${message}</arg>
<arg>${tipoKw}</arg>
</arguments>
<status status="PASS" starttime="20210110 21:41:41.838" endtime="20210110 21:41:41.839"></status>
</kw>
<status status="PASS" starttime="20210110 21:41:41.836" endtime="20210110 21:41:41.839"></status>
</kw>
<kw name="Wait Until Element Is Visible" library="SeleniumLibrary">
<doc>Waits until the element ``locator`` is visible.</doc>
<arguments>
<arg>${dropUserLogin}</arg>
</arguments>
<status status="PASS" starttime="20210110 21:41:41.840" endtime="20210110 21:41:42.693"></status>
</kw>
<kw name="Registrar">
<arguments>
<arg>'Clica no DropDown do usuario logado'</arg>
</arguments>
<kw name="Log" library="BuiltIn">
<doc>Logs the given message with the given level.</doc>
<arguments>
<arg>${message}</arg>
</arguments>
<msg timestamp="20210110 21:41:42.694" level="INFO">'Clica no DropDown do usuario logado'</msg>
<status status="PASS" starttime="20210110 21:41:42.694" endtime="20210110 21:41:42.694"></status>
</kw>
<kw name="Log To Console" library="BuiltIn">
<doc>Logs the given message to the console.</doc>
<arguments>
<arg>${message}</arg>
</arguments>
<status status="PASS" starttime="20210110 21:41:42.695" endtime="20210110 21:41:42.695"></status>
</kw>
<kw name="Log To Console" library="BuiltIn">
<doc>Logs the given message to the console.</doc>
<arguments>
<arg>'............................'</arg>
</arguments>
<status status="PASS" starttime="20210110 21:41:42.695" endtime="20210110 21:41:42.695"></status>
</kw>
<kw name="Set Variable" library="BuiltIn">
<doc>Returns the given values which can then be assigned to a variables.</doc>
<arguments>
<arg>infoDir/passosRobo.txt</arg>
</arguments>
<assign>
<var>${PathFileName}</var>
</assign>
<msg timestamp="20210110 21:41:42.696" level="INFO">${PathFileName} = infoDir/passosRobo.txt</msg>
<status status="PASS" starttime="20210110 21:41:42.696" endtime="20210110 21:41:42.696"></status>
</kw>
<kw name="Data Register" library="PrimeControlApiClashroyale">
<arguments>
<arg>${PathFileName}</arg>
<arg>${message}</arg>
<arg>${tipoKw}</arg>
</arguments>
<status status="PASS" starttime="20210110 21:41:42.696" endtime="20210110 21:41:42.697"></status>
</kw>
<status status="PASS" starttime="20210110 21:41:42.694" endtime="20210110 21:41:42.697"></status>
</kw>
<kw name="Click Element" library="SeleniumLibrary">
<doc>Click the element identified by ``locator``.</doc>
<arguments>
<arg>${dropUserLogin}</arg>
</arguments>
<msg timestamp="20210110 21:41:42.697" level="INFO">Clicking element 'xPath://*[@id="content"]/div/div[2]/div/header/div/div/div[3]/div/div/button'.</msg>
<status status="PASS" starttime="20210110 21:41:42.697" endtime="20210110 21:41:42.741"></status>
</kw>
<kw name="Registrar">
<arguments>
<arg>'Clica no elemento My Account'</arg>
</arguments>
<kw name="Log" library="BuiltIn">
<doc>Logs the given message with the given level.</doc>
<arguments>
<arg>${message}</arg>
</arguments>
<msg timestamp="20210110 21:41:42.743" level="INFO">'Clica no elemento My Account'</msg>
<status status="PASS" starttime="20210110 21:41:42.742" endtime="20210110 21:41:42.743"></status>
</kw>
<kw name="Log To Console" library="BuiltIn">
<doc>Logs the given message to the console.</doc>
<arguments>
<arg>${message}</arg>
</arguments>
<status status="PASS" starttime="20210110 21:41:42.743" endtime="20210110 21:41:42.744"></status>
</kw>
<kw name="Log To Console" library="BuiltIn">
<doc>Logs the given message to the console.</doc>
<arguments>
<arg>'............................'</arg>
</arguments>
<status status="PASS" starttime="20210110 21:41:42.744" endtime="20210110 21:41:42.744"></status>
</kw>
<kw name="Set Variable" library="BuiltIn">
<doc>Returns the given values which can then be assigned to a variables.</doc>
<arguments>
<arg>infoDir/passosRobo.txt</arg>
</arguments>
<assign>
<var>${PathFileName}</var>
</assign>
<msg timestamp="20210110 21:41:42.745" level="INFO">${PathFileName} = infoDir/passosRobo.txt</msg>
<status status="PASS" starttime="20210110 21:41:42.744" endtime="20210110 21:41:42.745"></status>
</kw>
<kw name="Data Register" library="PrimeControlApiClashroyale">
<arguments>
<arg>${PathFileName}</arg>
<arg>${message}</arg>
<arg>${tipoKw}</arg>
</arguments>
<status status="PASS" starttime="20210110 21:41:42.745" endtime="20210110 21:41:42.746"></status>
</kw>
<status status="PASS" starttime="20210110 21:41:42.742" endtime="20210110 21:41:42.746"></status>
</kw>
<kw name="Click Element" library="SeleniumLibrary">
<doc>Click the element identified by ``locator``.</doc>
<arguments>
<arg>${dropMyAccount}</arg>
</arguments>
<msg timestamp="20210110 21:41:42.746" level="INFO">Clicking element 'xPath://*[@id="content"]/div/div[2]/div/header/div/div/div[3]/div/div/ul/li[1]/a'.</msg>
<status status="PASS" starttime="20210110 21:41:42.746" endtime="20210110 21:41:42.806"></status>
</kw>
<status status="PASS" starttime="20210110 21:41:41.832" endtime="20210110 21:41:42.807"></status>
</kw>
<kw name="Criar Nova Chave Clashroyale">
<kw name="Registrar">
<arguments>
<arg>'=== Inicia Tarefa: Criar Nova Chave Clashroyale =============================='</arg>
<arg>t</arg>
</arguments>
<kw name="Log" library="BuiltIn">
<doc>Logs the given message with the given level.</doc>
<arguments>
<arg>${message}</arg>
</arguments>
<msg timestamp="20210110 21:41:42.808" level="INFO">'=== Inicia Tarefa: Criar Nova Chave Clashroyale =============================='</msg>
<status status="PASS" starttime="20210110 21:41:42.808" endtime="20210110 21:41:42.808"></status>
</kw>
<kw name="Log To Console" library="BuiltIn">
<doc>Logs the given message to the console.</doc>
<arguments>
<arg>${message}</arg>
</arguments>
<status status="PASS" starttime="20210110 21:41:42.808" endtime="20210110 21:41:42.809"></status>
</kw>
<kw name="Log To Console" library="BuiltIn">
<doc>Logs the given message to the console.</doc>
<arguments>
<arg>'............................'</arg>
</arguments>
<status status="PASS" starttime="20210110 21:41:42.809" endtime="20210110 21:41:42.809"></status>
</kw>
<kw name="Set Variable" library="BuiltIn">
<doc>Returns the given values which can then be assigned to a variables.</doc>
<arguments>
<arg>infoDir/passosRobo.txt</arg>
</arguments>
<assign>
<var>${PathFileName}</var>
</assign>
<msg timestamp="20210110 21:41:42.810" level="INFO">${PathFileName} = infoDir/passosRobo.txt</msg>
<status status="PASS" starttime="20210110 21:41:42.809" endtime="20210110 21:41:42.810"></status>
</kw>
<kw name="Data Register" library="PrimeControlApiClashroyale">
<arguments>
<arg>${PathFileName}</arg>
<arg>${message}</arg>
<arg>${tipoKw}</arg>
</arguments>
<status status="PASS" starttime="20210110 21:41:42.810" endtime="20210110 21:41:42.811"></status>
</kw>
<status status="PASS" starttime="20210110 21:41:42.808" endtime="20210110 21:41:42.811"></status>
</kw>
<kw name="Registrar">
<arguments>
<arg>'Aguarda o botão Create New Key ficar visivel'</arg>
</arguments>
<kw name="Log" library="BuiltIn">
<doc>Logs the given message with the given level.</doc>
<arguments>
<arg>${message}</arg>
</arguments>
<msg timestamp="20210110 21:41:42.812" level="INFO">'Aguarda o botão Create New Key ficar visivel'</msg>
<status status="PASS" starttime="20210110 21:41:42.812" endtime="20210110 21:41:42.812"></status>
</kw>
<kw name="Log To Console" library="BuiltIn">
<doc>Logs the given message to the console.</doc>
<arguments>
<arg>${message}</arg>
</arguments>
<status status="PASS" starttime="20210110 21:41:42.812" endtime="20210110 21:41:42.813"></status>
</kw>
<kw name="Log To Console" library="BuiltIn">
<doc>Logs the given message to the console.</doc>
<arguments>
<arg>'............................'</arg>
</arguments>
<status status="PASS" starttime="20210110 21:41:42.813" endtime="20210110 21:41:42.813"></status>
</kw>
<kw name="Set Variable" library="BuiltIn">
<doc>Returns the given values which can then be assigned to a variables.</doc>
<arguments>
<arg>infoDir/passosRobo.txt</arg>
</arguments>
<assign>
<var>${PathFileName}</var>
</assign>
<msg timestamp="20210110 21:41:42.814" level="INFO">${PathFileName} = infoDir/passosRobo.txt</msg>
<status status="PASS" starttime="20210110 21:41:42.813" endtime="20210110 21:41:42.814"></status>
</kw>
<kw name="Data Register" library="PrimeControlApiClashroyale">
<arguments>
<arg>${PathFileName}</arg>
<arg>${message}</arg>
<arg>${tipoKw}</arg>
</arguments>
<status status="PASS" starttime="20210110 21:41:42.814" endtime="20210110 21:41:42.815"></status>
</kw>
<status status="PASS" starttime="20210110 21:41:42.811" endtime="20210110 21:41:42.815"></status>
</kw>
<kw name="Wait Until Element Is Visible" library="SeleniumLibrary">
<doc>Waits until the element ``locator`` is visible.</doc>
<arguments>
<arg>${BtnCreatKey}</arg>
</arguments>
<status status="PASS" starttime="20210110 21:41:42.816" endtime="20210110 21:41:42.853"></status>
</kw>
<kw name="Registrar">
<arguments>
<arg>'Clica no botão Create New Key'</arg>
</arguments>
<kw name="Log" library="BuiltIn">
<doc>Logs the given message with the given level.</doc>
<arguments>
<arg>${message}</arg>
</arguments>
<msg timestamp="20210110 21:41:42.853" level="INFO">'Clica no botão Create New Key'</msg>
<status status="PASS" starttime="20210110 21:41:42.853" endtime="20210110 21:41:42.853"></status>
</kw>
<kw name="Log To Console" library="BuiltIn">
<doc>Logs the given message to the console.</doc>
<arguments>
<arg>${message}</arg>
</arguments>
<status status="PASS" starttime="20210110 21:41:42.853" endtime="20210110 21:41:42.854"></status>
</kw>
<kw name="Log To Console" library="BuiltIn">
<doc>Logs the given message to the console.</doc>
<arguments>
<arg>'............................'</arg>
</arguments>
<status status="PASS" starttime="20210110 21:41:42.854" endtime="20210110 21:41:42.854"></status>
</kw>
<kw name="Set Variable" library="BuiltIn">
<doc>Returns the given values which can then be assigned to a variables.</doc>
<arguments>
<arg>infoDir/passosRobo.txt</arg>
</arguments>
<assign>
<var>${PathFileName}</var>
</assign>
<msg timestamp="20210110 21:41:42.855" level="INFO">${PathFileName} = infoDir/passosRobo.txt</msg>
<status status="PASS" starttime="20210110 21:41:42.854" endtime="20210110 21:41:42.855"></status>
</kw>
<kw name="Data Register" library="PrimeControlApiClashroyale">
<arguments>
<arg>${PathFileName}</arg>
<arg>${message}</arg>
<arg>${tipoKw}</arg>
</arguments>
<status status="PASS" starttime="20210110 21:41:42.855" endtime="20210110 21:41:42.858"></status>
</kw>
<status status="PASS" starttime="20210110 21:41:42.853" endtime="20210110 21:41:42.858"></status>
</kw>
<kw name="Click Element" library="SeleniumLibrary">
<doc>Click the element identified by ``locator``.</doc>
<arguments>
<arg>${BtnCreatKey}</arg>
</arguments>
<msg timestamp="20210110 21:41:42.859" level="INFO">Clicking element 'xPath://*[@id="content"]/div/div[2]/div/div/section[2]/div/div/div[2]/p/a/span[2]'.</msg>
<status status="PASS" starttime="20210110 21:41:42.858" endtime="20210110 21:41:42.918"></status>
</kw>
<kw name="Registrar">
<arguments>
<arg>'Obtem o IP externo dinâmicamente'</arg>
</arguments>
<kw name="Log" library="BuiltIn">
<doc>Logs the given message with the given level.</doc>
<arguments>
<arg>${message}</arg>
</arguments>
<msg timestamp="20210110 21:41:42.919" level="INFO">'Obtem o IP externo dinâmicamente'</msg>
<status status="PASS" starttime="20210110 21:41:42.919" endtime="20210110 21:41:42.919"></status>
</kw>
<kw name="Log To Console" library="BuiltIn">
<doc>Logs the given message to the console.</doc>
<arguments>
<arg>${message}</arg>
</arguments>
<status status="PASS" starttime="20210110 21:41:42.919" endtime="20210110 21:41:42.920"></status>
</kw>
<kw name="Log To Console" library="BuiltIn">
<doc>Logs the given message to the console.</doc>
<arguments>
<arg>'............................'</arg>
</arguments>
<status status="PASS" starttime="20210110 21:41:42.920" endtime="20210110 21:41:42.920"></status>
</kw>
<kw name="Set Variable" library="BuiltIn">
<doc>Returns the given values which can then be assigned to a variables.</doc>
<arguments>
<arg>infoDir/passosRobo.txt</arg>
</arguments>
<assign>
<var>${PathFileName}</var>
</assign>
<msg timestamp="20210110 21:41:42.921" level="INFO">${PathFileName} = infoDir/passosRobo.txt</msg>
<status status="PASS" starttime="20210110 21:41:42.921" endtime="20210110 21:41:42.921"></status>
</kw>
<kw name="Data Register" library="PrimeControlApiClashroyale">
<arguments>
<arg>${PathFileName}</arg>
<arg>${message}</arg>
<arg>${tipoKw}</arg>
</arguments>
<status status="PASS" starttime="20210110 21:41:42.921" endtime="20210110 21:41:42.922"></status>
</kw>
<status status="PASS" starttime="20210110 21:41:42.918" endtime="20210110 21:41:42.922"></status>
</kw>
<kw name="Get External Ip" library="PrimeControlApiClashroyale">
<assign>
<var>${IP}</var>
</assign>
<msg timestamp="20210110 21:41:43.728" level="INFO">${IP} = 164.163.142.21</msg>
<status status="PASS" starttime="20210110 21:41:42.922" endtime="20210110 21:41:43.728"></status>
</kw>
<kw name="Registrar">
<arguments>
<arg>'Aguarda o Campo Key Name ficar visivel'</arg>
</arguments>
<kw name="Log" library="BuiltIn">
<doc>Logs the given message with the given level.</doc>
<arguments>
<arg>${message}</arg>
</arguments>
<msg timestamp="20210110 21:41:43.729" level="INFO">'Aguarda o Campo Key Name ficar visivel'</msg>
<status status="PASS" starttime="20210110 21:41:43.729" endtime="20210110 21:41:43.729"></status>
</kw>
<kw name="Log To Console" library="BuiltIn">
<doc>Logs the given message to the console.</doc>
<arguments>
<arg>${message}</arg>
</arguments>
<status status="PASS" starttime="20210110 21:41:43.729" endtime="20210110 21:41:43.730"></status>
</kw>
<kw name="Log To Console" library="BuiltIn">
<doc>Logs the given message to the console.</doc>
<arguments>
<arg>'............................'</arg>
</arguments>
<status status="PASS" starttime="20210110 21:41:43.730" endtime="20210110 21:41:43.730"></status>
</kw>
<kw name="Set Variable" library="BuiltIn">
<doc>Returns the given values which can then be assigned to a variables.</doc>
<arguments>
<arg>infoDir/passosRobo.txt</arg>
</arguments>
<assign>
<var>${PathFileName}</var>
</assign>
<msg timestamp="20210110 21:41:43.731" level="INFO">${PathFileName} = infoDir/passosRobo.txt</msg>
<status status="PASS" starttime="20210110 21:41:43.730" endtime="20210110 21:41:43.731"></status>
</kw>
<kw name="Data Register" library="PrimeControlApiClashroyale">
<arguments>
<arg>${PathFileName}</arg>
<arg>${message}</arg>
<arg>${tipoKw}</arg>
</arguments>
<status status="PASS" starttime="20210110 21:41:43.731" endtime="20210110 21:41:43.732"></status>
</kw>
<status status="PASS" starttime="20210110 21:41:43.728" endtime="20210110 21:41:43.732"></status>
</kw>
<kw name="Wait Until Element Is Visible" library="SeleniumLibrary">
<doc>Waits until the element ``locator`` is visible.</doc>
<arguments>
<arg>${KeyName}</arg>
</arguments>
<status status="PASS" starttime="20210110 21:41:43.732" endtime="20210110 21:41:43.753"></status>
</kw>
<kw name="Registrar">
<arguments>
<arg>'Gera automaticamente um nome para a Key'</arg>
</arguments>
<kw name="Log" library="BuiltIn">
<doc>Logs the given message with the given level.</doc>
<arguments>
<arg>${message}</arg>
</arguments>
<msg timestamp="20210110 21:41:43.754" level="INFO">'Gera automaticamente um nome para a Key'</msg>
<status status="PASS" starttime="20210110 21:41:43.754" endtime="20210110 21:41:43.754"></status>
</kw>
<kw name="Log To Console" library="BuiltIn">
<doc>Logs the given message to the console.</doc>
<arguments>
<arg>${message}</arg>
</arguments>
<status status="PASS" starttime="20210110 21:41:43.754" endtime="20210110 21:41:43.755"></status>
</kw>
<kw name="Log To Console" library="BuiltIn">
<doc>Logs the given message to the console.</doc>
<arguments>
<arg>'............................'</arg>
</arguments>
<status status="PASS" starttime="20210110 21:41:43.755" endtime="20210110 21:41:43.756"></status>
</kw>
<kw name="Set Variable" library="BuiltIn">
<doc>Returns the given values which can then be assigned to a variables.</doc>
<arguments>
<arg>infoDir/passosRobo.txt</arg>
</arguments>
<assign>
<var>${PathFileName}</var>
</assign>
<msg timestamp="20210110 21:41:43.756" level="INFO">${PathFileName} = infoDir/passosRobo.txt</msg>
<status status="PASS" starttime="20210110 21:41:43.756" endtime="20210110 21:41:43.756"></status>
</kw>
<kw name="Data Register" library="PrimeControlApiClashroyale">
<arguments>
<arg>${PathFileName}</arg>
<arg>${message}</arg>
<arg>${tipoKw}</arg>
</arguments>
<status status="PASS" starttime="20210110 21:41:43.757" endtime="20210110 21:41:43.758"></status>
</kw>
<status status="PASS" starttime="20210110 21:41:43.754" endtime="20210110 21:41:43.758"></status>
</kw>
<kw name="Create Name Api" library="PrimeControlApiClashroyale">
<assign>
<var>${nameKeyApi}</var>
</assign>
<msg timestamp="20210110 21:41:43.758" level="INFO">${nameKeyApi} = KeyTest(20210110214143757868)</msg>
<status status="PASS" starttime="20210110 21:41:43.758" endtime="20210110 21:41:43.759"></status>
</kw>
<kw name="Registrar">
<arguments>
<arg>'Insere o nome da key no campo key Name'</arg>
</arguments>
<kw name="Log" library="BuiltIn">
<doc>Logs the given message with the given level.</doc>
<arguments>
<arg>${message}</arg>
</arguments>
<msg timestamp="20210110 21:41:43.760" level="INFO">'Insere o nome da key no campo key Name'</msg>
<status status="PASS" starttime="20210110 21:41:43.759" endtime="20210110 21:41:43.760"></status>
</kw>
<kw name="Log To Console" library="BuiltIn">
<doc>Logs the given message to the console.</doc>
<arguments>
<arg>${message}</arg>
</arguments>
<status status="PASS" starttime="20210110 21:41:43.760" endtime="20210110 21:41:43.760"></status>
</kw>
<kw name="Log To Console" library="BuiltIn">
<doc>Logs the given message to the console.</doc>
<arguments>
<arg>'............................'</arg>
</arguments>
<status status="PASS" starttime="20210110 21:41:43.761" endtime="20210110 21:41:43.761"></status>
</kw>
<kw name="Set Variable" library="BuiltIn">
<doc>Returns the given values which can then be assigned to a variables.</doc>
<arguments>
<arg>infoDir/passosRobo.txt</arg>
</arguments>
<assign>
<var>${PathFileName}</var>
</assign>
<msg timestamp="20210110 21:41:43.761" level="INFO">${PathFileName} = infoDir/passosRobo.txt</msg>
<status status="PASS" starttime="20210110 21:41:43.761" endtime="20210110 21:41:43.762"></status>
</kw>
<kw name="Data Register" library="PrimeControlApiClashroyale">
<arguments>
<arg>${PathFileName}</arg>
<arg>${message}</arg>
<arg>${tipoKw}</arg>
</arguments>
<status status="PASS" starttime="20210110 21:41:43.762" endtime="20210110 21:41:43.763"></status>
</kw>
<status status="PASS" starttime="20210110 21:41:43.759" endtime="20210110 21:41:43.763"></status>
</kw>
<kw name="Input Text" library="SeleniumLibrary">
<doc>Types the given ``text`` into the text field identified by ``locator``.</doc>
<arguments>
<arg>${KeyName}</arg>
<arg>${nameKeyApi}</arg>
</arguments>
<msg timestamp="20210110 21:41:43.763" level="INFO">Typing text 'KeyTest(20210110214143757868)' into text field 'xPath://*[@id="name"]'.</msg>
<status status="PASS" starttime="20210110 21:41:43.763" endtime="20210110 21:41:43.895"></status>
</kw>
<kw name="Registrar">
<arguments>
<arg>'Insere uma descrição da key no campo Description'</arg>
</arguments>
<kw name="Log" library="BuiltIn">
<doc>Logs the given message with the given level.</doc>
<arguments>
<arg>${message}</arg>
</arguments>
<msg timestamp="20210110 21:41:43.897" level="INFO">'Insere uma descrição da key no campo Description'</msg>
<status status="PASS" starttime="20210110 21:41:43.896" endtime="20210110 21:41:43.897"></status>
</kw>
<kw name="Log To Console" library="BuiltIn">
<doc>Logs the given message to the console.</doc>
<arguments>
<arg>${message}</arg>
</arguments>
<status status="PASS" starttime="20210110 21:41:43.897" endtime="20210110 21:41:43.897"></status>
</kw>
<kw name="Log To Console" library="BuiltIn">
<doc>Logs the given message to the console.</doc>
<arguments>
<arg>'............................'</arg>
</arguments>
<status status="PASS" starttime="20210110 21:41:43.898" endtime="20210110 21:41:43.898"></status>
</kw>
<kw name="Set Variable" library="BuiltIn">
<doc>Returns the given values which can then be assigned to a variables.</doc>
<arguments>
<arg>infoDir/passosRobo.txt</arg>
</arguments>
<assign>
<var>${PathFileName}</var>
</assign>
<msg timestamp="20210110 21:41:43.898" level="INFO">${PathFileName} = infoDir/passosRobo.txt</msg>
<status status="PASS" starttime="20210110 21:41:43.898" endtime="20210110 21:41:43.898"></status>
</kw>
<kw name="Data Register" library="PrimeControlApiClashroyale">
<arguments>
<arg>${PathFileName}</arg>
<arg>${message}</arg>
<arg>${tipoKw}</arg>
</arguments>
<status status="PASS" starttime="20210110 21:41:43.898" endtime="20210110 21:41:43.899"></status>
</kw>
<status status="PASS" starttime="20210110 21:41:43.896" endtime="20210110 21:41:43.900"></status>
</kw>
<kw name="Input Text" library="SeleniumLibrary">
<doc>Types the given ``text`` into the text field identified by ``locator``.</doc>
<arguments>
<arg>${KeyDesc}</arg>
<arg>Realizando a criação de uma key para teste</arg>
</arguments>
<msg timestamp="20210110 21:41:43.900" level="INFO">Typing text 'Realizando a criação de uma key para teste' into text field 'xPath://*[@id="description"]'.</msg>
<status status="PASS" starttime="20210110 21:41:43.900" endtime="20210110 21:41:44.047"></status>
</kw>
<kw name="Registrar">
<arguments>
<arg>'Isere no campo Allowed Ip Addresses o ip obtido dinamicamente'</arg>
</arguments>
<kw name="Log" library="BuiltIn">
<doc>Logs the given message with the given level.</doc>
<arguments>
<arg>${message}</arg>
</arguments>
<msg timestamp="20210110 21:41:44.048" level="INFO">'Isere no campo Allowed Ip Addresses o ip obtido dinamicamente'</msg>
<status status="PASS" starttime="20210110 21:41:44.048" endtime="20210110 21:41:44.048"></status>
</kw>
<kw name="Log To Console" library="BuiltIn">
<doc>Logs the given message to the console.</doc>
<arguments>
<arg>${message}</arg>
</arguments>
<status status="PASS" starttime="20210110 21:41:44.048" endtime="20210110 21:41:44.048"></status>
</kw>
<kw name="Log To Console" library="BuiltIn">
<doc>Logs the given message to the console.</doc>
<arguments>
<arg>'............................'</arg>
</arguments>
<status status="PASS" starttime="20210110 21:41:44.049" endtime="20210110 21:41:44.049"></status>
</kw>
<kw name="Set Variable" library="BuiltIn">
<doc>Returns the given values which can then be assigned to a variables.</doc>
<arguments>
<arg>infoDir/passosRobo.txt</arg>
</arguments>
<assign>
<var>${PathFileName}</var>
</assign>
<msg timestamp="20210110 21:41:44.049" level="INFO">${PathFileName} = infoDir/passosRobo.txt</msg>
<status status="PASS" starttime="20210110 21:41:44.049" endtime="20210110 21:41:44.049"></status>
</kw>
<kw name="Data Register" library="PrimeControlApiClashroyale">
<arguments>
<arg>${PathFileName}</arg>
<arg>${message}</arg>
<arg>${tipoKw}</arg>
</arguments>
<status status="PASS" starttime="20210110 21:41:44.049" endtime="20210110 21:41:44.050"></status>
</kw>
<status status="PASS" starttime="20210110 21:41:44.047" endtime="20210110 21:41:44.051"></status>
</kw>
<kw name="Input Text" library="SeleniumLibrary">
<doc>Types the given ``text`` into the text field identified by ``locator``.</doc>
<arguments>
<arg>${KeyIp}</arg>
<arg>${IP}</arg>
</arguments>
<msg timestamp="20210110 21:41:44.051" level="INFO">Typing text '164.163.142.21' into text field 'xPath://*[@id="range-0"]'.</msg>
<status status="PASS" starttime="20210110 21:41:44.051" endtime="20210110 21:41:44.143"></status>
</kw>
<kw name="Registrar">
<arguments>
<arg>'Clica no botão Create Key'</arg>
</arguments>
<kw name="Log" library="BuiltIn">
<doc>Logs the given message with the given level.</doc>
<arguments>
<arg>${message}</arg>
</arguments>
<msg timestamp="20210110 21:41:44.144" level="INFO">'Clica no botão Create Key'</msg>
<status status="PASS" starttime="20210110 21:41:44.144" endtime="20210110 21:41:44.144"></status>
</kw>
<kw name="Log To Console" library="BuiltIn">
<doc>Logs the given message to the console.</doc>
<arguments>
<arg>${message}</arg>
</arguments>
<status status="PASS" starttime="20210110 21:41:44.144" endtime="20210110 21:41:44.145"></status>
</kw>
<kw name="Log To Console" library="BuiltIn">
<doc>Logs the given message to the console.</doc>
<arguments>
<arg>'............................'</arg>
</arguments>
<status status="PASS" starttime="20210110 21:41:44.145" endtime="20210110 21:41:44.145"></status>
</kw>
<kw name="Set Variable" library="BuiltIn">
<doc>Returns the given values which can then be assigned to a variables.</doc>
<arguments>
<arg>infoDir/passosRobo.txt</arg>
</arguments>
<assign>
<var>${PathFileName}</var>
</assign>
<msg timestamp="20210110 21:41:44.146" level="INFO">${PathFileName} = infoDir/passosRobo.txt</msg>
<status status="PASS" starttime="20210110 21:41:44.145" endtime="20210110 21:41:44.146"></status>
</kw>
<kw name="Data Register" library="PrimeControlApiClashroyale">
<arguments>
<arg>${PathFileName}</arg>
<arg>${message}</arg>
<arg>${tipoKw}</arg>
</arguments>
<status status="PASS" starttime="20210110 21:41:44.146" endtime="20210110 21:41:44.147"></status>
</kw>
<status status="PASS" starttime="20210110 21:41:44.144" endtime="20210110 21:41:44.147"></status>
</kw>
<kw name="Click Button" library="SeleniumLibrary">
<doc>Clicks the button identified by ``locator``.</doc>
<arguments>
<arg>${BtnKey}</arg>
</arguments>
<msg timestamp="20210110 21:41:44.147" level="INFO">Clicking button 'xPath://*[@id="content"]/div/div[2]/div/div/section/div/div/div[2]/form/div[5]/button'.</msg>
<status status="PASS" starttime="20210110 21:41:44.147" endtime="20210110 21:41:44.210"></status>
</kw>
<kw name="Set Variable" library="BuiltIn">
<doc>Returns the given values which can then be assigned to a variables.</doc>
<arguments>
<arg>xPath://*[@id="content"]/div/div[2]/div/div/section/div/div/div[2]/form/div[4]/div/span[2]</arg>
</arguments>
<assign>
<var>${keysLimit}</var>
</assign>
<msg timestamp="20210110 21:41:44.210" level="INFO">${keysLimit} = xPath://*[@id="content"]/div/div[2]/div/div/section/div/div/div[2]/form/div[4]/div/span[2]</msg>
<status status="PASS" starttime="20210110 21:41:44.210" endtime="20210110 21:41:44.210"></status>
</kw>
<kw name="Registrar">
<arguments>
<arg>'Aguarda 2 segundos para verificar se vai dar tudo certo com a criação da key'</arg>
</arguments>
<kw name="Log" library="BuiltIn">
<doc>Logs the given message with the given level.</doc>
<arguments>
<arg>${message}</arg>
</arguments>
<msg timestamp="20210110 21:41:44.211" level="INFO">'Aguarda 2 segundos para verificar se vai dar tudo certo com a criação da key'</msg>
<status status="PASS" starttime="20210110 21:41:44.211" endtime="20210110 21:41:44.211"></status>
</kw>
<kw name="Log To Console" library="BuiltIn">
<doc>Logs the given message to the console.</doc>
<arguments>
<arg>${message}</arg>
</arguments>
<status status="PASS" starttime="20210110 21:41:44.211" endtime="20210110 21:41:44.212"></status>
</kw>
<kw name="Log To Console" library="BuiltIn">
<doc>Logs the given message to the console.</doc>
<arguments>
<arg>'............................'</arg>
</arguments>
<status status="PASS" starttime="20210110 21:41:44.212" endtime="20210110 21:41:44.212"></status>
</kw>
<kw name="Set Variable" library="BuiltIn">
<doc>Returns the given values which can then be assigned to a variables.</doc>
<arguments>
<arg>infoDir/passosRobo.txt</arg>
</arguments>
<assign>
<var>${PathFileName}</var>
</assign>
<msg timestamp="20210110 21:41:44.212" level="INFO">${PathFileName} = infoDir/passosRobo.txt</msg>
<status status="PASS" starttime="20210110 21:41:44.212" endtime="20210110 21:41:44.212"></status>
</kw>
<kw name="Data Register" library="PrimeControlApiClashroyale">
<arguments>
<arg>${PathFileName}</arg>
<arg>${message}</arg>
<arg>${tipoKw}</arg>
</arguments>
<status status="PASS" starttime="20210110 21:41:44.213" endtime="20210110 21:41:44.214"></status>
</kw>
<status status="PASS" starttime="20210110 21:41:44.210" endtime="20210110 21:41:44.214"></status>
</kw>
<kw name="Sleep" library="BuiltIn">
<doc>Pauses the test executed for the given time.</doc>
<arguments>
<arg>2s</arg>
</arguments>
<msg timestamp="20210110 21:41:46.216" level="INFO">Slept 2 seconds</msg>
<status status="PASS" starttime="20210110 21:41:44.214" endtime="20210110 21:41:46.216"></status>
</kw>
<kw name="Registrar">
<arguments>
<arg>'Seta mensagem a ser Registra, caso a key seja criada com sucesso'</arg>
</arguments>
<kw name="Log" library="BuiltIn">
<doc>Logs the given message with the given level.</doc>
<arguments>
<arg>${message}</arg>
</arguments>
<msg timestamp="20210110 21:41:46.217" level="INFO">'Seta mensagem a ser Registra, caso a key seja criada com sucesso'</msg>
<status status="PASS" starttime="20210110 21:41:46.216" endtime="20210110 21:41:46.217"></status>
</kw>
<kw name="Log To Console" library="BuiltIn">
<doc>Logs the given message to the console.</doc>
<arguments>
<arg>${message}</arg>
</arguments>
<status status="PASS" starttime="20210110 21:41:46.217" endtime="20210110 21:41:46.217"></status>
</kw>
<kw name="Log To Console" library="BuiltIn">
<doc>Logs the given message to the console.</doc>
<arguments>
<arg>'............................'</arg>
</arguments>
<status status="PASS" starttime="20210110 21:41:46.218" endtime="20210110 21:41:46.218"></status>
</kw>
<kw name="Set Variable" library="BuiltIn">
<doc>Returns the given values which can then be assigned to a variables.</doc>
<arguments>
<arg>infoDir/passosRobo.txt</arg>
</arguments>
<assign>
<var>${PathFileName}</var>
</assign>
<msg timestamp="20210110 21:41:46.218" level="INFO">${PathFileName} = infoDir/passosRobo.txt</msg>
<status status="PASS" starttime="20210110 21:41:46.218" endtime="20210110 21:41:46.218"></status>
</kw>
<kw name="Data Register" library="PrimeControlApiClashroyale">
<arguments>
<arg>${PathFileName}</arg>
<arg>${message}</arg>
<arg>${tipoKw}</arg>
</arguments>
<status status="PASS" starttime="20210110 21:41:46.218" endtime="20210110 21:41:46.220"></status>
</kw>
<status status="PASS" starttime="20210110 21:41:46.216" endtime="20210110 21:41:46.220"></status>
</kw>
<kw name="Set Variable" library="BuiltIn">
<doc>Returns the given values which can then be assigned to a variables.</doc>
<arguments>
<arg>'A nova chave foi criada com sucesso, para ser utilizada'</arg>
</arguments>
<assign>
<var>${StatusKeyApi}</var>
</assign>
<msg timestamp="20210110 21:41:46.220" level="INFO">${StatusKeyApi} = 'A nova chave foi criada com sucesso, para ser utilizada'</msg>
<status status="PASS" starttime="20210110 21:41:46.220" endtime="20210110 21:41:46.220"></status>
</kw>
<kw name="Registrar">
<arguments>
<arg>'Seta essa mensagem para uso global, para que essa variavel seja utilizada por outra key'</arg>
</arguments>
<kw name="Log" library="BuiltIn">
<doc>Logs the given message with the given level.</doc>
<arguments>
<arg>${message}</arg>
</arguments>
<msg timestamp="20210110 21:41:46.221" level="INFO">'Seta essa mensagem para uso global, para que essa variavel seja utilizada por outra key'</msg>
<status status="PASS" starttime="20210110 21:41:46.221" endtime="20210110 21:41:46.221"></status>
</kw>
<kw name="Log To Console" library="BuiltIn">
<doc>Logs the given message to the console.</doc>
<arguments>
<arg>${message}</arg>
</arguments>
<status status="PASS" starttime="20210110 21:41:46.221" endtime="20210110 21:41:46.222"></status>
</kw>
<kw name="Log To Console" library="BuiltIn">
<doc>Logs the given message to the console.</doc>
<arguments>
<arg>'............................'</arg>
</arguments>
<status status="PASS" starttime="20210110 21:41:46.222" endtime="20210110 21:41:46.222"></status>
</kw>
<kw name="Set Variable" library="BuiltIn">
<doc>Returns the given values which can then be assigned to a variables.</doc>
<arguments>
<arg>infoDir/passosRobo.txt</arg>
</arguments>
<assign>
<var>${PathFileName}</var>
</assign>
<msg timestamp="20210110 21:41:46.223" level="INFO">${PathFileName} = infoDir/passosRobo.txt</msg>
<status status="PASS" starttime="20210110 21:41:46.223" endtime="20210110 21:41:46.223"></status>
</kw>
<kw name="Data Register" library="PrimeControlApiClashroyale">
<arguments>
<arg>${PathFileName}</arg>
<arg>${message}</arg>
<arg>${tipoKw}</arg>
</arguments>
<status status="PASS" starttime="20210110 21:41:46.223" endtime="20210110 21:41:46.224"></status>
</kw>
<status status="PASS" starttime="20210110 21:41:46.220" endtime="20210110 21:41:46.224"></status>
</kw>
<kw name="Set Global Variable" library="BuiltIn">
<doc>Makes a variable available globally in all tests and suites.</doc>
<arguments>
<arg>${StatusKeyApi}</arg>
</arguments>
<msg timestamp="20210110 21:41:46.225" level="INFO">${StatusKeyApi} = 'A nova chave foi criada com sucesso, para ser utilizada'</msg>
<status status="PASS" starttime="20210110 21:41:46.224" endtime="20210110 21:41:46.225"></status>
</kw>
<kw name="Registrar">
<arguments>
<arg>'Verifica se existe uma mensagem de limite do numero de keys criadas atingidas'</arg>
</arguments>
<kw name="Log" library="BuiltIn">
<doc>Logs the given message with the given level.</doc>
<arguments>
<arg>${message}</arg>
</arguments>
<msg timestamp="20210110 21:41:46.225" level="INFO">'Verifica se existe uma mensagem de limite do numero de keys criadas atingidas'</msg>
<status status="PASS" starttime="20210110 21:41:46.225" endtime="20210110 21:41:46.225"></status>
</kw>
<kw name="Log To Console" library="BuiltIn">
<doc>Logs the given message to the console.</doc>
<arguments>
<arg>${message}</arg>
</arguments>
<status status="PASS" starttime="20210110 21:41:46.225" endtime="20210110 21:41:46.226"></status>
</kw>
<kw name="Log To Console" library="BuiltIn">
<doc>Logs the given message to the console.</doc>
<arguments>
<arg>'............................'</arg>
</arguments>
<status status="PASS" starttime="20210110 21:41:46.226" endtime="20210110 21:41:46.226"></status>
</kw>
<kw name="Set Variable" library="BuiltIn">
<doc>Returns the given values which can then be assigned to a variables.</doc>
<arguments>
<arg>infoDir/passosRobo.txt</arg>
</arguments>
<assign>
<var>${PathFileName}</var>
</assign>
<msg timestamp="20210110 21:41:46.227" level="INFO">${PathFileName} = infoDir/passosRobo.txt</msg>
<status status="PASS" starttime="20210110 21:41:46.226" endtime="20210110 21:41:46.227"></status>
</kw>
<kw name="Data Register" library="PrimeControlApiClashroyale">
<arguments>
<arg>${PathFileName}</arg>
<arg>${message}</arg>
<arg>${tipoKw}</arg>
</arguments>
<status status="PASS" starttime="20210110 21:41:46.227" endtime="20210110 21:41:46.229"></status>
</kw>
<status status="PASS" starttime="20210110 21:41:46.225" endtime="20210110 21:41:46.229"></status>
</kw>
<kw name="Run Keyword And Return Status" library="BuiltIn">
<doc>Runs the given keyword with given arguments and returns the status as a Boolean value.</doc>
<arguments>
<arg>Element Should Be Visible</arg>
<arg>${keysLimit}</arg>
</arguments>
<assign>
<var>${IsKeyLimit}</var>
</assign>
<kw name="Element Should Be Visible" library="SeleniumLibrary">
<doc>Verifies that the element identified by ``locator`` is visible.</doc>
<arguments>
<arg>${keysLimit}</arg>
</arguments>
<msg timestamp="20210110 21:41:46.252" level="INFO">Element 'xPath://*[@id="content"]/div/div[2]/div/div/section/div/div/div[2]/form/div[4]/div/span[2]' is displayed.</msg>
<status status="PASS" starttime="20210110 21:41:46.229" endtime="20210110 21:41:46.252"></status>
</kw>
<msg timestamp="20210110 21:41:46.253" level="INFO">${IsKeyLimit} = True</msg>
<status status="PASS" starttime="20210110 21:41:46.229" endtime="20210110 21:41:46.253"></status>
</kw>
<kw name="Registrar">
<arguments>
<arg>'Chama a keyword Key Limit, caso o o numero de keys máximo criadas for atingido'</arg>
</arguments>
<kw name="Log" library="BuiltIn">
<doc>Logs the given message with the given level.</doc>
<arguments>
<arg>${message}</arg>
</arguments>
<msg timestamp="20210110 21:41:46.255" level="INFO">'Chama a keyword Key Limit, caso o o numero de keys máximo criadas for atingido'</msg>
<status status="PASS" starttime="20210110 21:41:46.254" endtime="20210110 21:41:46.255"></status>
</kw>
<kw name="Log To Console" library="BuiltIn">
<doc>Logs the given message to the console.</doc>
<arguments>
<arg>${message}</arg>
</arguments>
<status status="PASS" starttime="20210110 21:41:46.255" endtime="20210110 21:41:46.255"></status>
</kw>
<kw name="Log To Console" library="BuiltIn">
<doc>Logs the given message to the console.</doc>
<arguments>
<arg>'............................'</arg>
</arguments>
<status status="PASS" starttime="20210110 21:41:46.256" endtime="20210110 21:41:46.256"></status>
</kw>
<kw name="Set Variable" library="BuiltIn">
<doc>Returns the given values which can then be assigned to a variables.</doc>
<arguments>
<arg>infoDir/passosRobo.txt</arg>
</arguments>
<assign>
<var>${PathFileName}</var>
</assign>
<msg timestamp="20210110 21:41:46.256" level="INFO">${PathFileName} = infoDir/passosRobo.txt</msg>
<status status="PASS" starttime="20210110 21:41:46.256" endtime="20210110 21:41:46.256"></status>
</kw>
<kw name="Data Register" library="PrimeControlApiClashroyale">
<arguments>
<arg>${PathFileName}</arg>
<arg>${message}</arg>
<arg>${tipoKw}</arg>
</arguments>
<status status="PASS" starttime="20210110 21:41:46.257" endtime="20210110 21:41:46.258"></status>
</kw>
<status status="PASS" starttime="20210110 21:41:46.253" endtime="20210110 21:41:46.258"></status>
</kw>
<kw name="Run Keyword If" library="BuiltIn">
<doc>Runs the given keyword with the given arguments, if ``condition`` is true.</doc>
<arguments>
<arg>${IsKeyLimit}</arg>
<arg>Key Limit</arg>
</arguments>
<kw name="Key Limit">
<kw name="Registrar">
<arguments>
<arg>'=== Inicia SubTarefa: Key Limit =============================================='</arg>
<arg>t</arg>
</arguments>
<kw name="Log" library="BuiltIn">
<doc>Logs the given message with the given level.</doc>
<arguments>
<arg>${message}</arg>
</arguments>
<msg timestamp="20210110 21:41:46.259" level="INFO">'=== Inicia SubTarefa: Key Limit =============================================='</msg>
<status status="PASS" starttime="20210110 21:41:46.259" endtime="20210110 21:41:46.259"></status>
</kw>
<kw name="Log To Console" library="BuiltIn">
<doc>Logs the given message to the console.</doc>
<arguments>
<arg>${message}</arg>
</arguments>
<status status="PASS" starttime="20210110 21:41:46.259" endtime="20210110 21:41:46.259"></status>
</kw>
<kw name="Log To Console" library="BuiltIn">
<doc>Logs the given message to the console.</doc>
<arguments>
<arg>'............................'</arg>
</arguments>
<status status="PASS" starttime="20210110 21:41:46.260" endtime="20210110 21:41:46.260"></status>
</kw>
<kw name="Set Variable" library="BuiltIn">
<doc>Returns the given values which can then be assigned to a variables.</doc>
<arguments>
<arg>infoDir/passosRobo.txt</arg>
</arguments>
<assign>
<var>${PathFileName}</var>
</assign>
<msg timestamp="20210110 21:41:46.260" level="INFO">${PathFileName} = infoDir/passosRobo.txt</msg>
<status status="PASS" starttime="20210110 21:41:46.260" endtime="20210110 21:41:46.260"></status>
</kw>
<kw name="Data Register" library="PrimeControlApiClashroyale">
<arguments>
<arg>${PathFileName}</arg>
<arg>${message}</arg>
<arg>${tipoKw}</arg>
</arguments>
<status status="PASS" starttime="20210110 21:41:46.260" endtime="20210110 21:41:46.261"></status>
</kw>
<status status="PASS" starttime="20210110 21:41:46.258" endtime="20210110 21:41:46.261"></status>
</kw>
<kw name="Registrar">
<arguments>
<arg>'Aguarda Botão Back To My Keys ficar visivel'</arg>
</arguments>
<kw name="Log" library="BuiltIn">
<doc>Logs the given message with the given level.</doc>
<arguments>
<arg>${message}</arg>
</arguments>
<msg timestamp="20210110 21:41:46.262" level="INFO">'Aguarda Botão Back To My Keys ficar visivel'</msg>
<status status="PASS" starttime="20210110 21:41:46.262" endtime="20210110 21:41:46.262"></status>
</kw>
<kw name="Log To Console" library="BuiltIn">
<doc>Logs the given message to the console.</doc>
<arguments>
<arg>${message}</arg>
</arguments>
<status status="PASS" starttime="20210110 21:41:46.262" endtime="20210110 21:41:46.262"></status>
</kw>
<kw name="Log To Console" library="BuiltIn">
<doc>Logs the given message to the console.</doc>
<arguments>
<arg>'............................'</arg>
</arguments>
<status status="PASS" starttime="20210110 21:41:46.263" endtime="20210110 21:41:46.263"></status>
</kw>
<kw name="Set Variable" library="BuiltIn">
<doc>Returns the given values which can then be assigned to a variables.</doc>
<arguments>
<arg>infoDir/passosRobo.txt</arg>
</arguments>
<assign>
<var>${PathFileName}</var>
</assign>
<msg timestamp="20210110 21:41:46.263" level="INFO">${PathFileName} = infoDir/passosRobo.txt</msg>
<status status="PASS" starttime="20210110 21:41:46.263" endtime="20210110 21:41:46.263"></status>
</kw>
<kw name="Data Register" library="PrimeControlApiClashroyale">
<arguments>
<arg>${PathFileName}</arg>
<arg>${message}</arg>
<arg>${tipoKw}</arg>
</arguments>
<status status="PASS" starttime="20210110 21:41:46.263" endtime="20210110 21:41:46.264"></status>
</kw>
<status status="PASS" starttime="20210110 21:41:46.262" endtime="20210110 21:41:46.264"></status>
</kw>
<kw name="Set Variable" library="BuiltIn">
<doc>Returns the given values which can then be assigned to a variables.</doc>
<arguments>
<arg>xPath://*[@id="content"]/div/div[2]/div/div/section/div/div/div[1]/a/span[2]</arg>
</arguments>
<assign>
<var>${BackKeys}</var>
</assign>
<msg timestamp="20210110 21:41:46.265" level="INFO">${BackKeys} = xPath://*[@id="content"]/div/div[2]/div/div/section/div/div/div[1]/a/span[2]</msg>
<status status="PASS" starttime="20210110 21:41:46.265" endtime="20210110 21:41:46.265"></status>
</kw>
<kw name="Registrar">
<arguments>
<arg>'Clica no botão Back To My Keys'</arg>
</arguments>
<kw name="Log" library="BuiltIn">
<doc>Logs the given message with the given level.</doc>
<arguments>
<arg>${message}</arg>
</arguments>
<msg timestamp="20210110 21:41:46.265" level="INFO">'Clica no botão Back To My Keys'</msg>
<status status="PASS" starttime="20210110 21:41:46.265" endtime="20210110 21:41:46.265"></status>
</kw>
<kw name="Log To Console" library="BuiltIn">
<doc>Logs the given message to the console.</doc>
<arguments>
<arg>${message}</arg>
</arguments>
<status status="PASS" starttime="20210110 21:41:46.265" endtime="20210110 21:41:46.266"></status>
</kw>
<kw name="Log To Console" library="BuiltIn">
<doc>Logs the given message to the console.</doc>
<arguments>
<arg>'............................'</arg>
</arguments>
<status status="PASS" starttime="20210110 21:41:46.266" endtime="20210110 21:41:46.266"></status>
</kw>
<kw name="Set Variable" library="BuiltIn">
<doc>Returns the given values which can then be assigned to a variables.</doc>
<arguments>
<arg>infoDir/passosRobo.txt</arg>
</arguments>
<assign>
<var>${PathFileName}</var>
</assign>
<msg timestamp="20210110 21:41:46.267" level="INFO">${PathFileName} = infoDir/passosRobo.txt</msg>
<status status="PASS" starttime="20210110 21:41:46.266" endtime="20210110 21:41:46.267"></status>
</kw>
<kw name="Data Register" library="PrimeControlApiClashroyale">
<arguments>
<arg>${PathFileName}</arg>
<arg>${message}</arg>
<arg>${tipoKw}</arg>
</arguments>
<status status="PASS" starttime="20210110 21:41:46.267" endtime="20210110 21:41:46.268"></status>
</kw>
<status status="PASS" starttime="20210110 21:41:46.265" endtime="20210110 21:41:46.268"></status>
</kw>
<kw name="Click Element" library="SeleniumLibrary">
<doc>Click the element identified by ``locator``.</doc>
<arguments>
<arg>${BackKeys}</arg>
</arguments>
<msg timestamp="20210110 21:41:46.268" level="INFO">Clicking element 'xPath://*[@id="content"]/div/div[2]/div/div/section/div/div/div[1]/a/span[2]'.</msg>
<status status="PASS" starttime="20210110 21:41:46.268" endtime="20210110 21:41:46.330"></status>
</kw>
<kw name="Registrar">
<arguments>
<arg>'Seta mensagem do numero maximo de keys criadas atingido'</arg>
</arguments>
<kw name="Log" library="BuiltIn">
<doc>Logs the given message with the given level.</doc>
<arguments>
<arg>${message}</arg>
</arguments>
<msg timestamp="20210110 21:41:46.332" level="INFO">'Seta mensagem do numero maximo de keys criadas atingido'</msg>
<status status="PASS" starttime="20210110 21:41:46.331" endtime="20210110 21:41:46.332"></status>
</kw>
<kw name="Log To Console" library="BuiltIn">
<doc>Logs the given message to the console.</doc>
<arguments>
[...]
<status status="PASS" starttime="20210110 21:41:52.395" endtime="20210110 21:41:52.396"></status>
</kw>
<kw name="Data Register" library="PrimeControlApiClashroyale">
<arguments>
<arg>${PathFileName}</arg>
<arg>${message}</arg>
<arg>${tipoKw}</arg>
</arguments>
<status status="PASS" starttime="20210110 21:41:52.396" endtime="20210110 21:41:52.400"></status>
</kw>
<status status="PASS" starttime="20210110 21:41:52.388" endtime="20210110 21:41:52.401"></status>
</kw>
<kw name="Log" library="BuiltIn">
<doc>Logs the given message with the given level.</doc>
<arguments>
<arg>${ListMembers}</arg>
</arguments>
<msg timestamp="20210110 21:41:52.402" level="INFO">[['#290GJ20YU', 'arthur'], ['#2UJ0GRPRY', '☆JOTTACLASH☆'], ['#88J9928RQ', 'KCG៛¤₪KauanFL₪¤'], ['#8LQ9VLVUL', 'ㅤㅤ'], ['#988GJC8U', '[H]n4'], ['#29PVLJVV8', 'Cold Fox'], ['#2GV0CQLGQ', "CoCão'Flash✌"], ['#2R0YCJGYJ', 'cavaleiro verde'], ['#RVP0U09', 'Pepemx'], ['#8GR22QQJP', 'Ramon_RBS'], ['#9UVU820JJ', 'Jr. Fênix'], ['#V9JCQRJG', 'Samuel'], ['#RQP0RCG2', 'Raphael'], ['#9JJ8J08VG', 'Maximus'], ['#8J9RGL822', '♡Cibelle♡'], ['#9PJ8L8QVG', 'Maves'], ['#9C9Y9CRQL', 'GéH BeLo'], ['#PU8YCRPG', 'Lucas Anzai'], ['#YJRY08CU8', 'DARKSFIRE'], ['#QQ8V20J2V', 'Roy Mustang'], ['#99282VPPY', 'lela'], ['#22J8J08YY', 'lord fire'], ['#P90GLRLPR', 'rogeriohara'], ['#PPJ9VLLP8', 'Galo'], ['#QGGG2GPYY', 'prometheus'], ['#9088RL8QY', '"Maicon XT"'], ['#9P22JQRRY', 'Ryan clash'], ['#8C2R8GQPY', 'Careca Matador'], ['#8Q2CCC08L', 'rafinha'], ['#8YPRCUUL', 'L&amp;0n@rDo'], ['#LR22QCJRP', 'vem tranquilo ✌'], ['#PG8UQC9QR', 'Viléu'], ['#L0UVUYRJV', 'Clash Williams'], ['#8J2LRCCCP', 'Ezequiel thg'], ['#980U2GCQG', 'igor'], ['#9R2P0PR9G', '⭐Wonder Woman⭐'], ['#QUUYGLY8C', 'F0nsek'], ['#2VRJPUUCJ', 'Grandi'], ['#PV99JLJU8', 'GoOd NiGhT'], ['#R9Q82RR', 'marcos™'], ['#29VCRYC92', 'Edusvieira'], ['#2VUCVCPPQ', 'F&amp;LIP&amp;™'], ['#2PY8L88U8', 'SHAZAN CARAI'], ['#8CGRPRR2V', 'Moraes.Ofc'], ['#2UQVL29CU', 'Fanatico'], ['#QVC8U8LQU', 'THChmap'], ['#299JRCYVY', 'Uwais AL-Qorni'], ['#9RPCPCUJP', '⚔☯️KaKaShi☯️⚔'], ['#G22CVQRR', 'Zé ninguém'], ['#922PQR8Q8', '♠️BlackHam♠️']]</msg>
<status status="PASS" starttime="20210110 21:41:52.401" endtime="20210110 21:41:52.402"></status>
</kw>
<status status="PASS" starttime="20210110 21:41:50.071" endtime="20210110 21:41:52.403"></status>
</kw>
<kw name="Grava Arquivo CSV com Informacoes dos Membros do Clan">
<kw name="Registrar">
<arguments>
<arg>'=== Inicia Tarefa: Grava Arquivo CSV com Informacoes dos Membros do Clan ====='</arg>
<arg>t</arg>
</arguments>
<kw name="Log" library="BuiltIn">
<doc>Logs the given message with the given level.</doc>
<arguments>
<arg>${message}</arg>
</arguments>
<msg timestamp="20210110 21:41:52.407" level="INFO">'=== Inicia Tarefa: Grava Arquivo CSV com Informacoes dos Membros do Clan ====='</msg>
<status status="PASS" starttime="20210110 21:41:52.406" endtime="20210110 21:41:52.407"></status>
</kw>
<kw name="Log To Console" library="BuiltIn">
<doc>Logs the given message to the console.</doc>
<arguments>
<arg>${message}</arg>
</arguments>
<status status="PASS" starttime="20210110 21:41:52.408" endtime="20210110 21:41:52.409"></status>
</kw>
<kw name="Log To Console" library="BuiltIn">
<doc>Logs the given message to the console.</doc>
<arguments>
<arg>'............................'</arg>
</arguments>
<status status="PASS" starttime="20210110 21:41:52.410" endtime="20210110 21:41:52.411"></status>
</kw>
<kw name="Set Variable" library="BuiltIn">
<doc>Returns the given values which can then be assigned to a variables.</doc>
<arguments>
<arg>infoDir/passosRobo.txt</arg>
</arguments>
<assign>
<var>${PathFileName}</var>
</assign>
<msg timestamp="20210110 21:41:52.412" level="INFO">${PathFileName} = infoDir/passosRobo.txt</msg>
<status status="PASS" starttime="20210110 21:41:52.411" endtime="20210110 21:41:52.412"></status>
</kw>
<kw name="Data Register" library="PrimeControlApiClashroyale">
<arguments>
<arg>${PathFileName}</arg>
<arg>${message}</arg>
<arg>${tipoKw}</arg>
</arguments>
<status status="PASS" starttime="20210110 21:41:52.412" endtime="20210110 21:41:52.415"></status>
</kw>
<status status="PASS" starttime="20210110 21:41:52.405" endtime="20210110 21:41:52.415"></status>
</kw>
<kw name="Registrar">
<arguments>
<arg>'Seta variavel com o diretorio/arquivo.csv'</arg>
</arguments>
<kw name="Log" library="BuiltIn">
<doc>Logs the given message with the given level.</doc>
<arguments>
<arg>${message}</arg>
</arguments>
<msg timestamp="20210110 21:41:52.416" level="INFO">'Seta variavel com o diretorio/arquivo.csv'</msg>
<status status="PASS" starttime="20210110 21:41:52.416" endtime="20210110 21:41:52.416"></status>
</kw>
<kw name="Log To Console" library="BuiltIn">
<doc>Logs the given message to the console.</doc>
<arguments>
<arg>${message}</arg>
</arguments>
<status status="PASS" starttime="20210110 21:41:52.417" endtime="20210110 21:41:52.418"></status>
</kw>
<kw name="Log To Console" library="BuiltIn">
<doc>Logs the given message to the console.</doc>
<arguments>
<arg>'............................'</arg>
</arguments>
<status status="PASS" starttime="20210110 21:41:52.418" endtime="20210110 21:41:52.419"></status>
</kw>
<kw name="Set Variable" library="BuiltIn">
<doc>Returns the given values which can then be assigned to a variables.</doc>
<arguments>
<arg>infoDir/passosRobo.txt</arg>
</arguments>
<assign>
<var>${PathFileName}</var>
</assign>
<msg timestamp="20210110 21:41:52.420" level="INFO">${PathFileName} = infoDir/passosRobo.txt</msg>
<status status="PASS" starttime="20210110 21:41:52.419" endtime="20210110 21:41:52.420"></status>
</kw>
<kw name="Data Register" library="PrimeControlApiClashroyale">
<arguments>
<arg>${PathFileName}</arg>
<arg>${message}</arg>
<arg>${tipoKw}</arg>
</arguments>
<status status="PASS" starttime="20210110 21:41:52.420" endtime="20210110 21:41:52.424"></status>
</kw>
<status status="PASS" starttime="20210110 21:41:52.415" endtime="20210110 21:41:52.424"></status>
</kw>
<kw name="Set Variable" library="BuiltIn">
<doc>Returns the given values which can then be assigned to a variables.</doc>
<arguments>
<arg>infoDir/testInfoMembers.csv</arg>
</arguments>
<assign>
<var>${PathFileName}</var>
</assign>
<msg timestamp="20210110 21:41:52.425" level="INFO">${PathFileName} = infoDir/testInfoMembers.csv</msg>
<status status="PASS" starttime="20210110 21:41:52.425" endtime="20210110 21:41:52.425"></status>
</kw>
<kw name="Registrar">
<arguments>
<arg>'Executando a keyword/Custom Library &lt;Write Info Members To Csv&gt;'</arg>
</arguments>
<kw name="Log" library="BuiltIn">
<doc>Logs the given message with the given level.</doc>
<arguments>
<arg>${message}</arg>
</arguments>
<msg timestamp="20210110 21:41:52.427" level="INFO">'Executando a keyword/Custom Library &lt;Write Info Members To Csv&gt;'</msg>
<status status="PASS" starttime="20210110 21:41:52.426" endtime="20210110 21:41:52.427"></status>
</kw>
<kw name="Log To Console" library="BuiltIn">
<doc>Logs the given message to the console.</doc>
<arguments>
<arg>${message}</arg>
</arguments>
<status status="PASS" starttime="20210110 21:41:52.427" endtime="20210110 21:41:52.428"></status>
</kw>
<kw name="Log To Console" library="BuiltIn">
<doc>Logs the given message to the console.</doc>
<arguments>
<arg>'............................'</arg>
</arguments>
<status status="PASS" starttime="20210110 21:41:52.428" endtime="20210110 21:41:52.429"></status>
</kw>
<kw name="Set Variable" library="BuiltIn">
<doc>Returns the given values which can then be assigned to a variables.</doc>
<arguments>
<arg>infoDir/passosRobo.txt</arg>
</arguments>
<assign>
<var>${PathFileName}</var>
</assign>
<msg timestamp="20210110 21:41:52.430" level="INFO">${PathFileName} = infoDir/passosRobo.txt</msg>
<status status="PASS" starttime="20210110 21:41:52.429" endtime="20210110 21:41:52.430"></status>
</kw>
<kw name="Data Register" library="PrimeControlApiClashroyale">
<arguments>
<arg>${PathFileName}</arg>
<arg>${message}</arg>
<arg>${tipoKw}</arg>
</arguments>
<status status="PASS" starttime="20210110 21:41:52.430" endtime="20210110 21:41:52.433"></status>
</kw>
<status status="PASS" starttime="20210110 21:41:52.425" endtime="20210110 21:41:52.433"></status>
</kw>
<kw name="Write Info Members To Csv" library="PrimeControlApiClashroyale">
<arguments>
<arg>${TokenApi}</arg>
<arg>'The Resistance'</arg>
<arg>'#9V2Y'</arg>
<arg>'BR'</arg>
<arg>${PathFileName}</arg>
</arguments>
<status status="PASS" starttime="20210110 21:41:52.433" endtime="20210110 21:41:54.717"></status>
</kw>
<kw name="Registrar">
<arguments>
<arg>'Executando a keyword/Custom Library &lt;Get Full Path Csv File&gt;'</arg>
</arguments>
<kw name="Log" library="BuiltIn">
<doc>Logs the given message with the given level.</doc>
<arguments>
<arg>${message}</arg>
</arguments>
<msg timestamp="20210110 21:41:54.719" level="INFO">'Executando a keyword/Custom Library &lt;Get Full Path Csv File&gt;'</msg>
<status status="PASS" starttime="20210110 21:41:54.719" endtime="20210110 21:41:54.719"></status>
</kw>
<kw name="Log To Console" library="BuiltIn">
<doc>Logs the given message to the console.</doc>
<arguments>
<arg>${message}</arg>
</arguments>
<status status="PASS" starttime="20210110 21:41:54.720" endtime="20210110 21:41:54.721"></status>
</kw>
<kw name="Log To Console" library="BuiltIn">
<doc>Logs the given message to the console.</doc>
<arguments>
<arg>'............................'</arg>
</arguments>
<status status="PASS" starttime="20210110 21:41:54.721" endtime="20210110 21:41:54.722"></status>
</kw>
<kw name="Set Variable" library="BuiltIn">
<doc>Returns the given values which can then be assigned to a variables.</doc>
<arguments>
<arg>infoDir/passosRobo.txt</arg>
</arguments>
<assign>
<var>${PathFileName}</var>
</assign>
<msg timestamp="20210110 21:41:54.723" level="INFO">${PathFileName} = infoDir/passosRobo.txt</msg>
<status status="PASS" starttime="20210110 21:41:54.722" endtime="20210110 21:41:54.723"></status>
</kw>
<kw name="Data Register" library="PrimeControlApiClashroyale">
<arguments>
<arg>${PathFileName}</arg>
<arg>${message}</arg>
<arg>${tipoKw}</arg>
</arguments>
<status status="PASS" starttime="20210110 21:41:54.723" endtime="20210110 21:41:54.726"></status>
</kw>
<status status="PASS" starttime="20210110 21:41:54.717" endtime="20210110 21:41:54.726"></status>
</kw>
<kw name="Get Full Path Csv File" library="PrimeControlApiClashroyale">
<arguments>
<arg>Z:\\workspacePrimeControl</arg>
<arg>${PathFileName}</arg>
</arguments>
<assign>
<var>${FullPathFile}</var>
</assign>
<msg timestamp="20210110 21:41:54.727" level="INFO">${FullPathFile} = Z:/workspacePrimeControl/infoDir/testInfoMembers.csv</msg>
<status status="PASS" starttime="20210110 21:41:54.726" endtime="20210110 21:41:54.727"></status>
</kw>
<kw name="Registrar">
<arguments>
<arg>'Variavel com a informação do caminho completo do arquivo csv'</arg>
</arguments>
<kw name="Log" library="BuiltIn">
<doc>Logs the given message with the given level.</doc>
<arguments>
<arg>${message}</arg>
</arguments>
<msg timestamp="20210110 21:41:54.728" level="INFO">'Variavel com a informação do caminho completo do arquivo csv'</msg>
<status status="PASS" starttime="20210110 21:41:54.728" endtime="20210110 21:41:54.728"></status>
</kw>
<kw name="Log To Console" library="BuiltIn">
<doc>Logs the given message to the console.</doc>
<arguments>
<arg>${message}</arg>
</arguments>
<status status="PASS" starttime="20210110 21:41:54.728" endtime="20210110 21:41:54.729"></status>
</kw>
<kw name="Log To Console" library="BuiltIn">
<doc>Logs the given message to the console.</doc>
<arguments>
<arg>'............................'</arg>
</arguments>
<status status="PASS" starttime="20210110 21:41:54.729" endtime="20210110 21:41:54.730"></status>
</kw>
<kw name="Set Variable" library="BuiltIn">
<doc>Returns the given values which can then be assigned to a variables.</doc>
<arguments>
<arg>infoDir/passosRobo.txt</arg>
</arguments>
<assign>
<var>${PathFileName}</var>
</assign>
<msg timestamp="20210110 21:41:54.731" level="INFO">${PathFileName} = infoDir/passosRobo.txt</msg>
<status status="PASS" starttime="20210110 21:41:54.730" endtime="20210110 21:41:54.731"></status>
</kw>
<kw name="Data Register" library="PrimeControlApiClashroyale">
<arguments>
<arg>${PathFileName}</arg>
<arg>${message}</arg>
<arg>${tipoKw}</arg>
</arguments>
<status status="PASS" starttime="20210110 21:41:54.731" endtime="20210110 21:41:54.733"></status>
</kw>
<status status="PASS" starttime="20210110 21:41:54.727" endtime="20210110 21:41:54.734"></status>
</kw>
<kw name="Set Variable" library="BuiltIn">
<doc>Returns the given values which can then be assigned to a variables.</doc>
<arguments>
<arg>O caminho completo do csv de informações sobre membros é: ${FullPathFile}</arg>
</arguments>
<assign>
<var>${infoCsv}</var>
</assign>
<msg timestamp="20210110 21:41:54.734" level="INFO">${infoCsv} = O caminho completo do csv de informações sobre membros é: Z:/workspacePrimeControl/infoDir/testInfoMembers.csv</msg>
<status status="PASS" starttime="20210110 21:41:54.734" endtime="20210110 21:41:54.734"></status>
</kw>
<kw name="Registrar">
<arguments>
<arg>'Log com o caminho completo do arquivo csv'</arg>
</arguments>
<kw name="Log" library="BuiltIn">
<doc>Logs the given message with the given level.</doc>
<arguments>
<arg>${message}</arg>
</arguments>
<msg timestamp="20210110 21:41:54.736" level="INFO">'Log com o caminho completo do arquivo csv'</msg>
<status status="PASS" starttime="20210110 21:41:54.735" endtime="20210110 21:41:54.736"></status>
</kw>
<kw name="Log To Console" library="BuiltIn">
<doc>Logs the given message to the console.</doc>
<arguments>
<arg>${message}</arg>
</arguments>
<status status="PASS" starttime="20210110 21:41:54.736" endtime="20210110 21:41:54.737"></status>
</kw>
<kw name="Log To Console" library="BuiltIn">
<doc>Logs the given message to the console.</doc>
<arguments>
<arg>'............................'</arg>
</arguments>
<status status="PASS" starttime="20210110 21:41:54.737" endtime="20210110 21:41:54.738"></status>
</kw>
<kw name="Set Variable" library="BuiltIn">
<doc>Returns the given values which can then be assigned to a variables.</doc>
<arguments>
<arg>infoDir/passosRobo.txt</arg>
</arguments>
<assign>
<var>${PathFileName}</var>
</assign>
<msg timestamp="20210110 21:41:54.739" level="INFO">${PathFileName} = infoDir/passosRobo.txt</msg>
<status status="PASS" starttime="20210110 21:41:54.738" endtime="20210110 21:41:54.739"></status>
</kw>
<kw name="Data Register" library="PrimeControlApiClashroyale">
<arguments>
<arg>${PathFileName}</arg>
<arg>${message}</arg>
<arg>${tipoKw}</arg>
</arguments>
<status status="PASS" starttime="20210110 21:41:54.739" endtime="20210110 21:41:54.741"></status>
</kw>
<status status="PASS" starttime="20210110 21:41:54.735" endtime="20210110 21:41:54.742"></status>
</kw>
<kw name="Log" library="BuiltIn">
<doc>Logs the given message with the given level.</doc>
<arguments>
<arg>${infoCsv}</arg>
</arguments>
<msg timestamp="20210110 21:41:54.742" level="INFO">O caminho completo do csv de informações sobre membros é: Z:/workspacePrimeControl/infoDir/testInfoMembers.csv</msg>
<status status="PASS" starttime="20210110 21:41:54.742" endtime="20210110 21:41:54.743"></status>
</kw>
<status status="PASS" starttime="20210110 21:41:52.404" endtime="20210110 21:41:54.743"></status>
</kw>
<kw name="Executa Teardown" type="teardown">
<kw name="Registrar">
<arguments>
<arg>'=== Inicia Tarefa: Executa Teardown =========================================='</arg>
<arg>t</arg>
</arguments>
<kw name="Log" library="BuiltIn">
<doc>Logs the given message with the given level.</doc>
<arguments>
<arg>${message}</arg>
</arguments>
<msg timestamp="20210110 21:41:54.747" level="INFO">'=== Inicia Tarefa: Executa Teardown =========================================='</msg>
<status status="PASS" starttime="20210110 21:41:54.746" endtime="20210110 21:41:54.747"></status>
</kw>
<kw name="Log To Console" library="BuiltIn">
<doc>Logs the given message to the console.</doc>
<arguments>
<arg>${message}</arg>
</arguments>
<status status="PASS" starttime="20210110 21:41:54.747" endtime="20210110 21:41:54.748"></status>
</kw>
<kw name="Log To Console" library="BuiltIn">
<doc>Logs the given message to the console.</doc>
<arguments>
<arg>'............................'</arg>
</arguments>
<status status="PASS" starttime="20210110 21:41:54.748" endtime="20210110 21:41:54.749"></status>
</kw>
<kw name="Set Variable" library="BuiltIn">
<doc>Returns the given values which can then be assigned to a variables.</doc>
<arguments>
<arg>infoDir/passosRobo.txt</arg>
</arguments>
<assign>
<var>${PathFileName}</var>
</assign>
<msg timestamp="20210110 21:41:54.750" level="INFO">${PathFileName} = infoDir/passosRobo.txt</msg>
<status status="PASS" starttime="20210110 21:41:54.750" endtime="20210110 21:41:54.750"></status>
</kw>
<kw name="Data Register" library="PrimeControlApiClashroyale">
<arguments>
<arg>${PathFileName}</arg>
<arg>${message}</arg>
<arg>${tipoKw}</arg>
</arguments>
<status status="PASS" starttime="20210110 21:41:54.750" endtime="20210110 21:41:54.752"></status>
</kw>
<status status="PASS" starttime="20210110 21:41:54.745" endtime="20210110 21:41:54.752"></status>
</kw>
<kw name="Registrar">
<arguments>
<arg>'Fim das Tarefas do Robo / Fecha o BROWSER'</arg>
</arguments>
<kw name="Log" library="BuiltIn">
<doc>Logs the given message with the given level.</doc>
<arguments>
<arg>${message}</arg>
</arguments>
<msg timestamp="20210110 21:41:54.754" level="INFO">'Fim das Tarefas do Robo / Fecha o BROWSER'</msg>
<status status="PASS" starttime="20210110 21:41:54.753" endtime="20210110 21:41:54.754"></status>
</kw>
<kw name="Log To Console" library="BuiltIn">
<doc>Logs the given message to the console.</doc>
<arguments>
<arg>${message}</arg>
</arguments>
<status status="PASS" starttime="20210110 21:41:54.754" endtime="20210110 21:41:54.755"></status>
</kw>
<kw name="Log To Console" library="BuiltIn">
<doc>Logs the given message to the console.</doc>
<arguments>
<arg>'............................'</arg>
</arguments>
<status status="PASS" starttime="20210110 21:41:54.755" endtime="20210110 21:41:54.755"></status>
</kw>
<kw name="Set Variable" library="BuiltIn">
<doc>Returns the given values which can then be assigned to a variables.</doc>
<arguments>
<arg>infoDir/passosRobo.txt</arg>
</arguments>
<assign>
<var>${PathFileName}</var>
</assign>
<msg timestamp="20210110 21:41:54.756" level="INFO">${PathFileName} = infoDir/passosRobo.txt</msg>
<status status="PASS" starttime="20210110 21:41:54.755" endtime="20210110 21:41:54.756"></status>
</kw>
<kw name="Data Register" library="PrimeControlApiClashroyale">
<arguments>
<arg>${PathFileName}</arg>
<arg>${message}</arg>
<arg>${tipoKw}</arg>
</arguments>
<status status="PASS" starttime="20210110 21:41:54.756" endtime="20210110 21:41:54.758"></status>
</kw>
<status status="PASS" starttime="20210110 21:41:54.752" endtime="20210110 21:41:54.758"></status>
</kw>
<kw name="Close Browser" library="SeleniumLibrary">
<doc>Closes the current browser.</doc>
<status status="PASS" starttime="20210110 21:41:54.758" endtime="20210110 21:41:57.034"></status>
</kw>
<status status="PASS" starttime="20210110 21:41:54.744" endtime="20210110 21:41:57.034"></status>
</kw>
<status status="PASS" starttime="20210110 21:41:34.032" endtime="20210110 21:41:57.036" critical="yes"></status>
</test>
<status status="PASS" starttime="20210110 21:41:33.788" endtime="20210110 21:41:57.040"></status>
</suite>
<statistics>
<total>
<stat pass="1" fail="0">Critical Tasks</stat>
<stat pass="1" fail="0">All Tasks</stat>
</total>
<tag>
</tag>
<suite>
<stat pass="1" fail="0" id="s1" name="rpaClashroyale">rpaClashroyale</stat>
</suite>
</statistics>
<errors>
<msg timestamp="20210110 21:41:46.348" level="ERROR">'Limite n° de chaves criadas excedido, será utilizada a última existente'</msg>
</errors>
</robot>
